<?xml version="1.0" encoding="UTF-8" standalone="no"?>
<testsuite errors="0" failures="5" name="io.cucumber.core.plugin.JUnitFormatter" skipped="0" tests="30" time="291.775">
    <testcase classname="Explore Products functionality on progressive homepage header" name="Auto insurance functionality in progressive sub-header" time="10.479">
        <system-out>
            <![CDATA[Given I am on progressive homepage..........................................passed
And I click on Explore Products.............................................passed
And I mouse hoover on auto..................................................passed
And I enter "48091" on the zipcode search bar...............................passed
And I click on Get  quotes..................................................passed
And I enter driver information..............................................passed
When I click on start my quote..............................................passed
Then I should be able to select my car model................................passed
]]>
        </system-out>
    </testcase>
    <testcase classname="Explore Products functionality on progressive homepage header" name="Homeowners insurance under explore products" time="38.985">
        <failure message="no such element: Unable to locate element: {&quot;method&quot;:&quot;xpath&quot;,&quot;selector&quot;:&quot;//body/app-root[1]/interview[1]/block-ui[1]/div[1]/div[1]/content[1]/div[1]/div[1]/control[6]/div[1]/fieldset[1]/div[1]/radio[1]/div[1]/radio-button[2]/label[1]/span[1]&quot;}&#10;  (Session info: chrome=89.0.4389.114)&#10;For documentation on this error, please visit: https://www.seleniumhq.org/exceptions/no_such_element.html&#10;Build info: version: '3.141.59', revision: 'e82be7d358', time: '2018-11-14T08:17:03'&#10;System info: host: 'DESKTOP-BQP1HFR', ip: '192.168.190.1', os.name: 'Windows 10', os.arch: 'amd64', os.version: '10.0', java.version: '11.0.9'&#10;Driver info: org.openqa.selenium.chrome.ChromeDriver&#10;Capabilities {acceptInsecureCerts: false, browserName: chrome, browserVersion: 89.0.4389.114, chrome: {chromedriverVersion: 89.0.4389.23 (61b08ee2c5002..., userDataDir: C:\Users\farha\AppData\Loca...}, goog:chromeOptions: {debuggerAddress: localhost:63712}, javascriptEnabled: true, networkConnectionEnabled: false, pageLoadStrategy: normal, platform: WINDOWS, platformName: WINDOWS, proxy: Proxy(), setWindowRect: true, strictFileInteractability: false, timeouts: {implicit: 0, pageLoad: 300000, script: 30000}, unhandledPromptBehavior: dismiss and notify, webauthn:extension:largeBlob: true, webauthn:virtualAuthenticators: true}&#10;Session ID: 3a1e31a0664504d8499d4a1bb02c915c&#10;*** Element info: {Using=xpath, value=//body/app-root[1]/interview[1]/block-ui[1]/div[1]/div[1]/content[1]/div[1]/div[1]/control[6]/div[1]/fieldset[1]/div[1]/radio[1]/div[1]/radio-button[2]/label[1]/span[1]}" type="org.openqa.selenium.NoSuchElementException">
            <![CDATA[Given I am on progressive homepage..........................................passed
And I click on Explore Products.............................................passed
And I click on homeowners...................................................passed
And I enter "48091" on the homeowners insurance zipcode search box..........passed
And I click on get homeowners insurance quote...............................passed
And I enter "23817 Curie St" on the address search box......................passed
And I click on Let's go button..............................................passed
And I enter the homeowners information......................................passed
And I select NO for do you have progressive auto insurance..................failed
And I select April20th from the homeowners insurance calender...............skipped
When I click on next........................................................skipped
Then I should be able to see Home basics page for additional home information.skipped

StackTrace:
org.openqa.selenium.NoSuchElementException: no such element: Unable to locate element: {"method":"xpath","selector":"//body/app-root[1]/interview[1]/block-ui[1]/div[1]/div[1]/content[1]/div[1]/div[1]/control[6]/div[1]/fieldset[1]/div[1]/radio[1]/div[1]/radio-button[2]/label[1]/span[1]"}
  (Session info: chrome=89.0.4389.114)
For documentation on this error, please visit: https://www.seleniumhq.org/exceptions/no_such_element.html
Build info: version: '3.141.59', revision: 'e82be7d358', time: '2018-11-14T08:17:03'
System info: host: 'DESKTOP-BQP1HFR', ip: '192.168.190.1', os.name: 'Windows 10', os.arch: 'amd64', os.version: '10.0', java.version: '11.0.9'
Driver info: org.openqa.selenium.chrome.ChromeDriver
Capabilities {acceptInsecureCerts: false, browserName: chrome, browserVersion: 89.0.4389.114, chrome: {chromedriverVersion: 89.0.4389.23 (61b08ee2c5002..., userDataDir: C:\Users\farha\AppData\Loca...}, goog:chromeOptions: {debuggerAddress: localhost:63712}, javascriptEnabled: true, networkConnectionEnabled: false, pageLoadStrategy: normal, platform: WINDOWS, platformName: WINDOWS, proxy: Proxy(), setWindowRect: true, strictFileInteractability: false, timeouts: {implicit: 0, pageLoad: 300000, script: 30000}, unhandledPromptBehavior: dismiss and notify, webauthn:extension:largeBlob: true, webauthn:virtualAuthenticators: true}
Session ID: 3a1e31a0664504d8499d4a1bb02c915c
*** Element info: {Using=xpath, value=//body/app-root[1]/interview[1]/block-ui[1]/div[1]/div[1]/content[1]/div[1]/div[1]/control[6]/div[1]/fieldset[1]/div[1]/radio[1]/div[1]/radio-button[2]/label[1]/span[1]}
	at java.base/jdk.internal.reflect.NativeConstructorAccessorImpl.newInstance0(Native Method)
	at java.base/jdk.internal.reflect.NativeConstructorAccessorImpl.newInstance(NativeConstructorAccessorImpl.java:62)
	at java.base/jdk.internal.reflect.DelegatingConstructorAccessorImpl.newInstance(DelegatingConstructorAccessorImpl.java:45)
	at java.base/java.lang.reflect.Constructor.newInstance(Constructor.java:490)
	at org.openqa.selenium.remote.http.W3CHttpResponseCodec.createException(W3CHttpResponseCodec.java:187)
	at org.openqa.selenium.remote.http.W3CHttpResponseCodec.decode(W3CHttpResponseCodec.java:122)
	at org.openqa.selenium.remote.http.W3CHttpResponseCodec.decode(W3CHttpResponseCodec.java:49)
	at org.openqa.selenium.remote.HttpCommandExecutor.execute(HttpCommandExecutor.java:158)
	at org.openqa.selenium.remote.service.DriverCommandExecutor.execute(DriverCommandExecutor.java:83)
	at org.openqa.selenium.remote.RemoteWebDriver.execute(RemoteWebDriver.java:552)
	at org.openqa.selenium.remote.RemoteWebDriver.findElement(RemoteWebDriver.java:323)
	at org.openqa.selenium.remote.RemoteWebDriver.findElementByXPath(RemoteWebDriver.java:428)
	at org.openqa.selenium.By$ByXPath.findElement(By.java:353)
	at org.openqa.selenium.remote.RemoteWebDriver.findElement(RemoteWebDriver.java:315)
	at common.WebAPI.clickByXpath(WebAPI.java:328)
	at homepage.ProgressiveHomePage.checkNoRadioButton(ProgressiveHomePage.java:222)
	at stepDefinitions.ProgressiveHomePageTestDefinitions.i_select_no_for_do_you_have_progressive_auto_insurance(ProgressiveHomePageTestDefinitions.java:302)
	at ✽.I select NO for do you have progressive auto insurance(file:///C:/Users/farha/IdeaProjects/BDD_Automation_Framework_Team1/Progressive/src/test/java/features/ExploreProducts.feature:35)
]]>
        </failure>
    </testcase>
    <testcase classname="Explore Products functionality on progressive homepage header" name="Motorcycle insurance functionality under explore products" time="9.232">
        <system-out>
            <![CDATA[Given I am on progressive homepage..........................................passed
And I click on Explore Products.............................................passed
And I click on motorcycle...................................................passed
And I enter "48091" on the zipcode search bar...............................passed
And I click on Get a quote..................................................passed
And I enter driver information..............................................passed
When I click on start my quote..............................................passed
Then I should be able to see my motorbike model page........................passed
]]>
        </system-out>
    </testcase>
    <testcase classname="Explore Products functionality on progressive homepage header" name="Dental insurance functionality under personal explore products" time="9.472">
        <failure message="element not interactable&#10;  (Session info: chrome=89.0.4389.114)&#10;Build info: version: '3.141.59', revision: 'e82be7d358', time: '2018-11-14T08:17:03'&#10;System info: host: 'DESKTOP-BQP1HFR', ip: '192.168.190.1', os.name: 'Windows 10', os.arch: 'amd64', os.version: '10.0', java.version: '11.0.9'&#10;Driver info: org.openqa.selenium.chrome.ChromeDriver&#10;Capabilities {acceptInsecureCerts: false, browserName: chrome, browserVersion: 89.0.4389.114, chrome: {chromedriverVersion: 89.0.4389.23 (61b08ee2c5002..., userDataDir: C:\Users\farha\AppData\Loca...}, goog:chromeOptions: {debuggerAddress: localhost:63864}, javascriptEnabled: true, networkConnectionEnabled: false, pageLoadStrategy: normal, platform: WINDOWS, platformName: WINDOWS, proxy: Proxy(), setWindowRect: true, strictFileInteractability: false, timeouts: {implicit: 0, pageLoad: 300000, script: 30000}, unhandledPromptBehavior: dismiss and notify, webauthn:extension:largeBlob: true, webauthn:virtualAuthenticators: true}&#10;Session ID: 0955ab3f5ead3ddc4388ad098a4dcc52" type="org.openqa.selenium.ElementNotInteractableException">
            <![CDATA[Given I am on progressive homepage..........................................passed
And I click on Explore Products.............................................passed
And I click on dental.......................................................passed
And I enter "48091" on the dental insurance search box......................failed
And I click on get  quote...................................................skipped
And I enter "48091" on the find plans zipcode search box....................skipped
And I select Female for gender..............................................skipped
And I enter "12/21/2000" on the date of birth web edit field................skipped
And I select April 20th from the coverage starting calender.................skipped
When I click on find plans..................................................skipped
Then I should be able to see all the available plans........................skipped

StackTrace:
org.openqa.selenium.ElementNotInteractableException: element not interactable
  (Session info: chrome=89.0.4389.114)
Build info: version: '3.141.59', revision: 'e82be7d358', time: '2018-11-14T08:17:03'
System info: host: 'DESKTOP-BQP1HFR', ip: '192.168.190.1', os.name: 'Windows 10', os.arch: 'amd64', os.version: '10.0', java.version: '11.0.9'
Driver info: org.openqa.selenium.chrome.ChromeDriver
Capabilities {acceptInsecureCerts: false, browserName: chrome, browserVersion: 89.0.4389.114, chrome: {chromedriverVersion: 89.0.4389.23 (61b08ee2c5002..., userDataDir: C:\Users\farha\AppData\Loca...}, goog:chromeOptions: {debuggerAddress: localhost:63864}, javascriptEnabled: true, networkConnectionEnabled: false, pageLoadStrategy: normal, platform: WINDOWS, platformName: WINDOWS, proxy: Proxy(), setWindowRect: true, strictFileInteractability: false, timeouts: {implicit: 0, pageLoad: 300000, script: 30000}, unhandledPromptBehavior: dismiss and notify, webauthn:extension:largeBlob: true, webauthn:virtualAuthenticators: true}
Session ID: 0955ab3f5ead3ddc4388ad098a4dcc52
	at java.base/jdk.internal.reflect.NativeConstructorAccessorImpl.newInstance0(Native Method)
	at java.base/jdk.internal.reflect.NativeConstructorAccessorImpl.newInstance(NativeConstructorAccessorImpl.java:62)
	at java.base/jdk.internal.reflect.DelegatingConstructorAccessorImpl.newInstance(DelegatingConstructorAccessorImpl.java:45)
	at java.base/java.lang.reflect.Constructor.newInstance(Constructor.java:490)
	at org.openqa.selenium.remote.http.W3CHttpResponseCodec.createException(W3CHttpResponseCodec.java:187)
	at org.openqa.selenium.remote.http.W3CHttpResponseCodec.decode(W3CHttpResponseCodec.java:122)
	at org.openqa.selenium.remote.http.W3CHttpResponseCodec.decode(W3CHttpResponseCodec.java:49)
	at org.openqa.selenium.remote.HttpCommandExecutor.execute(HttpCommandExecutor.java:158)
	at org.openqa.selenium.remote.service.DriverCommandExecutor.execute(DriverCommandExecutor.java:83)
	at org.openqa.selenium.remote.RemoteWebDriver.execute(RemoteWebDriver.java:552)
	at org.openqa.selenium.remote.RemoteWebElement.execute(RemoteWebElement.java:285)
	at org.openqa.selenium.remote.RemoteWebElement.sendKeys(RemoteWebElement.java:106)
	at java.base/jdk.internal.reflect.NativeMethodAccessorImpl.invoke0(Native Method)
	at java.base/jdk.internal.reflect.NativeMethodAccessorImpl.invoke(NativeMethodAccessorImpl.java:62)
	at java.base/jdk.internal.reflect.DelegatingMethodAccessorImpl.invoke(DelegatingMethodAccessorImpl.java:43)
	at java.base/java.lang.reflect.Method.invoke(Method.java:566)
	at org.openqa.selenium.support.pagefactory.internal.LocatingElementHandler.invoke(LocatingElementHandler.java:51)
	at com.sun.proxy.$Proxy24.sendKeys(Unknown Source)
	at homepage.ProgressiveHomePage.checkDentalInsuranceSearchBox(ProgressiveHomePage.java:173)
	at stepDefinitions.ProgressiveHomePageTestDefinitions.i_enter_on_the_dental_insurance_search_box(ProgressiveHomePageTestDefinitions.java:226)
	at ✽.I enter "48091" on the dental insurance search box(file:///C:/Users/farha/IdeaProjects/BDD_Automation_Framework_Team1/Progressive/src/test/java/features/ExploreProducts.feature:59)
]]>
        </failure>
    </testcase>
    <testcase classname="Explore Products functionality on progressive homepage header" name="General  Liability functionality under explore products" time="39.205">
        <failure message="no such element: Unable to locate element: {&quot;method&quot;:&quot;xpath&quot;,&quot;selector&quot;:&quot;//*[@id=&quot;searchbtn&quot;]&quot;}&#10;  (Session info: chrome=89.0.4389.114)&#10;For documentation on this error, please visit: https://www.seleniumhq.org/exceptions/no_such_element.html&#10;Build info: version: '3.141.59', revision: 'e82be7d358', time: '2018-11-14T08:17:03'&#10;System info: host: 'DESKTOP-BQP1HFR', ip: '192.168.190.1', os.name: 'Windows 10', os.arch: 'amd64', os.version: '10.0', java.version: '11.0.9'&#10;Driver info: org.openqa.selenium.chrome.ChromeDriver&#10;Capabilities {acceptInsecureCerts: false, browserName: chrome, browserVersion: 89.0.4389.114, chrome: {chromedriverVersion: 89.0.4389.23 (61b08ee2c5002..., userDataDir: C:\Users\farha\AppData\Loca...}, goog:chromeOptions: {debuggerAddress: localhost:51376}, javascriptEnabled: true, networkConnectionEnabled: false, pageLoadStrategy: normal, platform: WINDOWS, platformName: WINDOWS, proxy: Proxy(), setWindowRect: true, strictFileInteractability: false, timeouts: {implicit: 0, pageLoad: 300000, script: 30000}, unhandledPromptBehavior: dismiss and notify, webauthn:extension:largeBlob: true, webauthn:virtualAuthenticators: true}&#10;Session ID: a734dcb6498dba787bf65efc1392c5ad&#10;*** Element info: {Using=xpath, value=//*[@id=&quot;searchbtn&quot;]}" type="org.openqa.selenium.NoSuchElementException">
            <![CDATA[Given I am on progressive homepage..........................................passed
And I click on Explore Products.............................................passed
And I click on general liability............................................passed
And I enter "48091" on zipcode search bar...................................passed
When I click Get  quote.....................................................passed
And I select general liability..............................................passed
And I click on continue.....................................................passed
And I enter "teacher" on the what do you do search box......................failed
And I select Teacher........................................................skipped
And click on continue.......................................................skipped
Then I should be able to see business info form.............................skipped

StackTrace:
org.openqa.selenium.NoSuchElementException: no such element: Unable to locate element: {"method":"xpath","selector":"//*[@id="searchbtn"]"}
  (Session info: chrome=89.0.4389.114)
For documentation on this error, please visit: https://www.seleniumhq.org/exceptions/no_such_element.html
Build info: version: '3.141.59', revision: 'e82be7d358', time: '2018-11-14T08:17:03'
System info: host: 'DESKTOP-BQP1HFR', ip: '192.168.190.1', os.name: 'Windows 10', os.arch: 'amd64', os.version: '10.0', java.version: '11.0.9'
Driver info: org.openqa.selenium.chrome.ChromeDriver
Capabilities {acceptInsecureCerts: false, browserName: chrome, browserVersion: 89.0.4389.114, chrome: {chromedriverVersion: 89.0.4389.23 (61b08ee2c5002..., userDataDir: C:\Users\farha\AppData\Loca...}, goog:chromeOptions: {debuggerAddress: localhost:51376}, javascriptEnabled: true, networkConnectionEnabled: false, pageLoadStrategy: normal, platform: WINDOWS, platformName: WINDOWS, proxy: Proxy(), setWindowRect: true, strictFileInteractability: false, timeouts: {implicit: 0, pageLoad: 300000, script: 30000}, unhandledPromptBehavior: dismiss and notify, webauthn:extension:largeBlob: true, webauthn:virtualAuthenticators: true}
Session ID: a734dcb6498dba787bf65efc1392c5ad
*** Element info: {Using=xpath, value=//*[@id="searchbtn"]}
	at java.base/jdk.internal.reflect.NativeConstructorAccessorImpl.newInstance0(Native Method)
	at java.base/jdk.internal.reflect.NativeConstructorAccessorImpl.newInstance(NativeConstructorAccessorImpl.java:62)
	at java.base/jdk.internal.reflect.DelegatingConstructorAccessorImpl.newInstance(DelegatingConstructorAccessorImpl.java:45)
	at java.base/java.lang.reflect.Constructor.newInstance(Constructor.java:490)
	at org.openqa.selenium.remote.http.W3CHttpResponseCodec.createException(W3CHttpResponseCodec.java:187)
	at org.openqa.selenium.remote.http.W3CHttpResponseCodec.decode(W3CHttpResponseCodec.java:122)
	at org.openqa.selenium.remote.http.W3CHttpResponseCodec.decode(W3CHttpResponseCodec.java:49)
	at org.openqa.selenium.remote.HttpCommandExecutor.execute(HttpCommandExecutor.java:158)
	at org.openqa.selenium.remote.service.DriverCommandExecutor.execute(DriverCommandExecutor.java:83)
	at org.openqa.selenium.remote.RemoteWebDriver.execute(RemoteWebDriver.java:552)
	at org.openqa.selenium.remote.RemoteWebDriver.findElement(RemoteWebDriver.java:323)
	at org.openqa.selenium.remote.RemoteWebDriver.findElementByXPath(RemoteWebDriver.java:428)
	at org.openqa.selenium.By$ByXPath.findElement(By.java:353)
	at org.openqa.selenium.remote.RemoteWebDriver.findElement(RemoteWebDriver.java:315)
	at common.WebAPI.clickByXpath(WebAPI.java:328)
	at homepage.ProgressiveHomePage.checkWhatDoYouDoSearchBox(ProgressiveHomePage.java:301)
	at stepDefinitions.ProgressiveHomePageTestDefinitions.i_enter_on_the_what_do_you_do_search_box(ProgressiveHomePageTestDefinitions.java:391)
	at ✽.I enter "teacher" on the what do you do search box(file:///C:/Users/farha/IdeaProjects/BDD_Automation_Framework_Team1/Progressive/src/test/java/features/ExploreProducts.feature:75)
]]>
        </failure>
    </testcase>
    <testcase classname="Explore Products functionality on progressive homepage header" name="Explore products functionality in progressive sub-header" time="5.975">
        <system-out>
            <![CDATA[Given I am on progressive homepage..........................................passed
And I click on Explore Products.............................................passed
And I mouse hoover on auto..................................................passed
And I enter "48091" on the zipcode search bar...............................passed
When I click on Get a quote.................................................passed
Then I should be able to see the start my quote form........................passed
]]>
        </system-out>
    </testcase>
    <testcase classname="Explore Products functionality on progressive homepage header" name="claims link functionality under explore products" time="5.997">
        <system-out>
            <![CDATA[Given I am on progressive homepage..........................................passed
And I click on Explore Products.............................................passed
And I click on claims.......................................................passed
And I click on claims overview..............................................passed
When I click on report and view a claim.....................................passed
Then I should be able to see the login page.................................passed
]]>
        </system-out>
    </testcase>
    <testcase classname="Explore Products functionality on progressive homepage header" name="Auto process claims link functionality under claims" time="6.292">
        <system-out>
            <![CDATA[Given I am on progressive homepage..........................................passed
And I click on Explore Products.............................................passed
And I click on claims.......................................................passed
When I click on Auto process claims.........................................passed
Then I should be able to see the auto claims page...........................passed
]]>
        </system-out>
    </testcase>
    <testcase classname="Explore Products functionality on progressive homepage header" name="Roadside assistance functionality under claims" time="4.63">
        <system-out>
            <![CDATA[Given I am on progressive homepage..........................................passed
And I click on Explore Products.............................................passed
And I click on claims.......................................................passed
When I click on roadside assistance.........................................passed
And I click on file a claim through progressive app.........................passed
Then I should take me to the download page..................................passed
]]>
        </system-out>
    </testcase>
    <testcase classname="Explore Products functionality on progressive homepage header" name="Catastrophe claim functionality under claims" time="6.378">
        <system-out>
            <![CDATA[Given I am on progressive homepage..........................................passed
And I click on Explore Products.............................................passed
And I click on claims.......................................................passed
When I click on Catastrophe.................................................passed
And I click on login........................................................passed
Then I should take me to the login page.....................................passed
]]>
        </system-out>
    </testcase>
    <testcase classname="Explore Products functionality on progressive homepage header" name="About us  functionality under explore products" time="5.865">
        <system-out>
            <![CDATA[Given I am on progressive homepage..........................................passed
And I click on Explore Products.............................................passed
And I click on about us.....................................................passed
When I click on corporate responsibility....................................passed
Then I should be able to see the corporate responsibility page..............passed
]]>
        </system-out>
    </testcase>
    <testcase classname="Explore Products functionality on progressive homepage header" name="Investors link  functionality under about us" time="6.351">
        <system-out>
            <![CDATA[Given I am on progressive homepage..........................................passed
And I click on Explore Products.............................................passed
And I click on about us.....................................................passed
When I click on Investors...................................................passed
Then I should be able to see all the messages from the investors............passed
]]>
        </system-out>
    </testcase>
    <testcase classname="Explore Products functionality on progressive homepage header" name="Career link  functionality under about us" time="8.23">
        <system-out>
            <![CDATA[Given I am on progressive homepage..........................................passed
And I click on Explore Products.............................................passed
And I click on about us.....................................................passed
And I click on career.......................................................passed
When I click on Find a Career...............................................passed
Then I should be able to see all the job openings...........................passed
]]>
        </system-out>
    </testcase>
    <testcase classname="Explore Products functionality on progressive homepage header" name="Local Agent  functionality under about us" time="6.365">
        <failure message="element not interactable&#10;  (Session info: chrome=89.0.4389.114)&#10;Build info: version: '3.141.59', revision: 'e82be7d358', time: '2018-11-14T08:17:03'&#10;System info: host: 'DESKTOP-BQP1HFR', ip: '192.168.190.1', os.name: 'Windows 10', os.arch: 'amd64', os.version: '10.0', java.version: '11.0.9'&#10;Driver info: org.openqa.selenium.chrome.ChromeDriver&#10;Capabilities {acceptInsecureCerts: false, browserName: chrome, browserVersion: 89.0.4389.114, chrome: {chromedriverVersion: 89.0.4389.23 (61b08ee2c5002..., userDataDir: C:\Users\farha\AppData\Loca...}, goog:chromeOptions: {debuggerAddress: localhost:51915}, javascriptEnabled: true, networkConnectionEnabled: false, pageLoadStrategy: normal, platform: WINDOWS, platformName: WINDOWS, proxy: Proxy(), setWindowRect: true, strictFileInteractability: false, timeouts: {implicit: 0, pageLoad: 300000, script: 30000}, unhandledPromptBehavior: dismiss and notify, webauthn:extension:largeBlob: true, webauthn:virtualAuthenticators: true}&#10;Session ID: 549d87c205c96194408b3145a6a3aa27" type="org.openqa.selenium.ElementNotInteractableException">
            <![CDATA[Given I am on progressive homepage..........................................passed
And I click on Explore Products.............................................passed
And I click on about us.....................................................passed
And I click on Local agent..................................................passed
And I enter "48091" on the zip code search box..............................failed
When I click on find an agent...............................................skipped
Then I should be able to see all the local agents lists.....................skipped

StackTrace:
org.openqa.selenium.ElementNotInteractableException: element not interactable
  (Session info: chrome=89.0.4389.114)
Build info: version: '3.141.59', revision: 'e82be7d358', time: '2018-11-14T08:17:03'
System info: host: 'DESKTOP-BQP1HFR', ip: '192.168.190.1', os.name: 'Windows 10', os.arch: 'amd64', os.version: '10.0', java.version: '11.0.9'
Driver info: org.openqa.selenium.chrome.ChromeDriver
Capabilities {acceptInsecureCerts: false, browserName: chrome, browserVersion: 89.0.4389.114, chrome: {chromedriverVersion: 89.0.4389.23 (61b08ee2c5002..., userDataDir: C:\Users\farha\AppData\Loca...}, goog:chromeOptions: {debuggerAddress: localhost:51915}, javascriptEnabled: true, networkConnectionEnabled: false, pageLoadStrategy: normal, platform: WINDOWS, platformName: WINDOWS, proxy: Proxy(), setWindowRect: true, strictFileInteractability: false, timeouts: {implicit: 0, pageLoad: 300000, script: 30000}, unhandledPromptBehavior: dismiss and notify, webauthn:extension:largeBlob: true, webauthn:virtualAuthenticators: true}
Session ID: 549d87c205c96194408b3145a6a3aa27
	at java.base/jdk.internal.reflect.NativeConstructorAccessorImpl.newInstance0(Native Method)
	at java.base/jdk.internal.reflect.NativeConstructorAccessorImpl.newInstance(NativeConstructorAccessorImpl.java:62)
	at java.base/jdk.internal.reflect.DelegatingConstructorAccessorImpl.newInstance(DelegatingConstructorAccessorImpl.java:45)
	at java.base/java.lang.reflect.Constructor.newInstance(Constructor.java:490)
	at org.openqa.selenium.remote.http.W3CHttpResponseCodec.createException(W3CHttpResponseCodec.java:187)
	at org.openqa.selenium.remote.http.W3CHttpResponseCodec.decode(W3CHttpResponseCodec.java:122)
	at org.openqa.selenium.remote.http.W3CHttpResponseCodec.decode(W3CHttpResponseCodec.java:49)
	at org.openqa.selenium.remote.HttpCommandExecutor.execute(HttpCommandExecutor.java:158)
	at org.openqa.selenium.remote.service.DriverCommandExecutor.execute(DriverCommandExecutor.java:83)
	at org.openqa.selenium.remote.RemoteWebDriver.execute(RemoteWebDriver.java:552)
	at org.openqa.selenium.remote.RemoteWebElement.execute(RemoteWebElement.java:285)
	at org.openqa.selenium.remote.RemoteWebElement.sendKeys(RemoteWebElement.java:106)
	at java.base/jdk.internal.reflect.NativeMethodAccessorImpl.invoke0(Native Method)
	at java.base/jdk.internal.reflect.NativeMethodAccessorImpl.invoke(NativeMethodAccessorImpl.java:62)
	at java.base/jdk.internal.reflect.DelegatingMethodAccessorImpl.invoke(DelegatingMethodAccessorImpl.java:43)
	at java.base/java.lang.reflect.Method.invoke(Method.java:566)
	at org.openqa.selenium.support.pagefactory.internal.LocatingElementHandler.invoke(LocatingElementHandler.java:51)
	at com.sun.proxy.$Proxy24.sendKeys(Unknown Source)
	at homepage.ProgressiveHomePage.checkLocalAgentZipcode(ProgressiveHomePage.java:149)
	at stepDefinitions.ProgressiveHomePageTestDefinitions.i_enter_on_the_zip_code_search_box(ProgressiveHomePageTestDefinitions.java:199)
	at ✽.I enter "48091" on the zip code search box(file:///C:/Users/farha/IdeaProjects/BDD_Automation_Framework_Team1/Progressive/src/test/java/features/ExploreProducts.feature:139)
]]>
        </failure>
    </testcase>
    <testcase classname="Explore Products functionality on progressive homepage header" name="Newsroom link  functionality under about us" time="6.917">
        <system-out>
            <![CDATA[Given I am on progressive homepage..........................................passed
And I click on Explore Products.............................................passed
And I click on about us.....................................................passed
When I click on newsroom....................................................passed
Then It should navigate me to the newsroom page.............................passed
]]>
        </system-out>
    </testcase>
    <testcase classname="Explore Products functionality on progressive homepage header" name="Mobile home functionality under explore products" time="5.734">
        <system-out>
            <![CDATA[Given I am on progressive homepage..........................................passed
And I click on Explore Products.............................................passed
And I click on mobile homes.................................................passed
And I enter "48091" on the zipcode search bar...............................passed
When I click on Get a quote.................................................passed
Then I should be able to see the start my quote forms.......................passed
]]>
        </system-out>
    </testcase>
    <testcase classname="Explore Products functionality on progressive homepage header" name="Commercial Auto functionality under explore products" time="6.749">
        <system-out>
            <![CDATA[Given I am on progressive homepage..........................................passed
And I click on Explore Products.............................................passed
And I click on commercial Auto..............................................passed
And I enter "48091" on zipcode search bar...................................passed
When I click Get  quote.....................................................passed
Then I should be able to see All the commercial Auto Lists..................passed
]]>
        </system-out>
    </testcase>
    <testcase classname="Explore Products functionality on progressive homepage header" name="Workers compensation functionality under explore products" time="14.567">
        <system-out>
            <![CDATA[Given I am on progressive homepage..........................................passed
And I click on Explore Products.............................................passed
And I click on workers compensation.........................................passed
And I enter "48091" on zipcode search bar...................................passed
When I click Get  quote.....................................................passed
And I select workers compensation...........................................passed
And I click on continue.....................................................passed
Then I should be able to see what do you do homepage........................passed
]]>
        </system-out>
    </testcase>
    <testcase classname="Explore Products functionality on progressive homepage header" name="Professional Liability functionality under explore products" time="15.291">
        <system-out>
            <![CDATA[Given I am on progressive homepage..........................................passed
And I click on Explore Products.............................................passed
And I click on professional liability.......................................passed
And I enter "48091" on zipcode search bar...................................passed
When I click Get  quote.....................................................passed
And I select professional liability.........................................passed
And I click on continue.....................................................passed
Then I should be able to see what do you do homepage........................passed
]]>
        </system-out>
    </testcase>
    <testcase classname="Explore Products functionality on progressive homepage header" name="Business Owner's policy functionality under explore products" time="6.692">
        <system-out>
            <![CDATA[Given I am on progressive homepage..........................................passed
And I click on Explore Products.............................................passed
And I click on business owners policy.......................................passed
And I enter "48091" on zipcode search bar...................................passed
When I click Get  quote.....................................................passed
Then I should be able to get started page...................................passed
]]>
        </system-out>
    </testcase>
    <testcase classname="Explore Products functionality on progressive homepage header" name="Business insurance policy functionality under explore products" time="6.64">
        <system-out>
            <![CDATA[Given I am on progressive homepage..........................................passed
And I click on Explore Products.............................................passed
And I click on business insurance...........................................passed
And I enter "48091" on zipcode search bar...................................passed
When I click Get  quote.....................................................passed
Then I should be able to see get started page...............................passed
]]>
        </system-out>
    </testcase>
    <testcase classname="Explore Products functionality on progressive homepage header" name="Snowmobile insurance functionality under explore products" time="6.489">
        <system-out>
            <![CDATA[Given I am on progressive homepage..........................................passed
And I click on Explore Products.............................................passed
And I click on snowmobile...................................................passed
And I enter "48091" on the zipcode search bar...............................passed
When I click on Get a quote.................................................passed
Then I should be able to see the drivers information form...................passed
]]>
        </system-out>
    </testcase>
    <testcase classname="Explore Products functionality on progressive homepage header" name="Boat insurance functionality under explore products" time="6.443">
        <system-out>
            <![CDATA[Given I am on progressive homepage..........................................passed
And I click on Explore Products.............................................passed
And I click on Boat.........................................................passed
And I enter "48091" on the zipcode search bar...............................passed
When I click on Get a quote.................................................passed
Then I should be able to see the driver information form....................passed
]]>
        </system-out>
    </testcase>
    <testcase classname="Explore Products functionality on progressive homepage header" name="Classic Car functionality under explore products" time="6.254">
        <system-out>
            <![CDATA[Given I am on progressive homepage..........................................passed
And I click on Explore Products.............................................passed
And I click on Classic car..................................................passed
And I enter "48091" on the zipcode search bar...............................passed
When I click on Get a quote.................................................passed
Then I should be able to see the driver info form...........................passed
]]>
        </system-out>
    </testcase>
    <testcase classname="Explore Products functionality on progressive homepage header" name="Golf Car functionality under explore products" time="7.997">
        <failure message="element click intercepted: Element &lt;input type=&quot;submit&quot; id=&quot;qsButton_mma&quot; name=&quot;qsButton&quot; value=&quot;Get a quote&quot;&gt; is not clickable at point (849, 242). Other element would receive the click: &lt;h1 id=&quot;fsrHeading&quot;&gt;...&lt;/h1&gt;&#10;  (Session info: chrome=89.0.4389.114)&#10;Build info: version: '3.141.59', revision: 'e82be7d358', time: '2018-11-14T08:17:03'&#10;System info: host: 'DESKTOP-BQP1HFR', ip: '192.168.190.1', os.name: 'Windows 10', os.arch: 'amd64', os.version: '10.0', java.version: '11.0.9'&#10;Driver info: org.openqa.selenium.chrome.ChromeDriver&#10;Capabilities {acceptInsecureCerts: false, browserName: chrome, browserVersion: 89.0.4389.114, chrome: {chromedriverVersion: 89.0.4389.23 (61b08ee2c5002..., userDataDir: C:\Users\farha\AppData\Loca...}, goog:chromeOptions: {debuggerAddress: localhost:52583}, javascriptEnabled: true, networkConnectionEnabled: false, pageLoadStrategy: normal, platform: WINDOWS, platformName: WINDOWS, proxy: Proxy(), setWindowRect: true, strictFileInteractability: false, timeouts: {implicit: 0, pageLoad: 300000, script: 30000}, unhandledPromptBehavior: dismiss and notify, webauthn:extension:largeBlob: true, webauthn:virtualAuthenticators: true}&#10;Session ID: 6986ae350870306cf14cde52f6c6dbcc" type="org.openqa.selenium.ElementClickInterceptedException">
            <![CDATA[Given I am on progressive homepage..........................................passed
And I click on Explore Products.............................................passed
And I click on Golf car.....................................................passed
And I enter "48091" on the zipcode search bar...............................passed
When I click on Get a quote.................................................failed
Then I should be able to see  driver info form..............................skipped

StackTrace:
org.openqa.selenium.ElementClickInterceptedException: element click intercepted: Element <input type="submit" id="qsButton_mma" name="qsButton" value="Get a quote"> is not clickable at point (849, 242). Other element would receive the click: <h1 id="fsrHeading">...</h1>
  (Session info: chrome=89.0.4389.114)
Build info: version: '3.141.59', revision: 'e82be7d358', time: '2018-11-14T08:17:03'
System info: host: 'DESKTOP-BQP1HFR', ip: '192.168.190.1', os.name: 'Windows 10', os.arch: 'amd64', os.version: '10.0', java.version: '11.0.9'
Driver info: org.openqa.selenium.chrome.ChromeDriver
Capabilities {acceptInsecureCerts: false, browserName: chrome, browserVersion: 89.0.4389.114, chrome: {chromedriverVersion: 89.0.4389.23 (61b08ee2c5002..., userDataDir: C:\Users\farha\AppData\Loca...}, goog:chromeOptions: {debuggerAddress: localhost:52583}, javascriptEnabled: true, networkConnectionEnabled: false, pageLoadStrategy: normal, platform: WINDOWS, platformName: WINDOWS, proxy: Proxy(), setWindowRect: true, strictFileInteractability: false, timeouts: {implicit: 0, pageLoad: 300000, script: 30000}, unhandledPromptBehavior: dismiss and notify, webauthn:extension:largeBlob: true, webauthn:virtualAuthenticators: true}
Session ID: 6986ae350870306cf14cde52f6c6dbcc
	at java.base/jdk.internal.reflect.NativeConstructorAccessorImpl.newInstance0(Native Method)
	at java.base/jdk.internal.reflect.NativeConstructorAccessorImpl.newInstance(NativeConstructorAccessorImpl.java:62)
	at java.base/jdk.internal.reflect.DelegatingConstructorAccessorImpl.newInstance(DelegatingConstructorAccessorImpl.java:45)
	at java.base/java.lang.reflect.Constructor.newInstance(Constructor.java:490)
	at org.openqa.selenium.remote.http.W3CHttpResponseCodec.createException(W3CHttpResponseCodec.java:187)
	at org.openqa.selenium.remote.http.W3CHttpResponseCodec.decode(W3CHttpResponseCodec.java:122)
	at org.openqa.selenium.remote.http.W3CHttpResponseCodec.decode(W3CHttpResponseCodec.java:49)
	at org.openqa.selenium.remote.HttpCommandExecutor.execute(HttpCommandExecutor.java:158)
	at org.openqa.selenium.remote.service.DriverCommandExecutor.execute(DriverCommandExecutor.java:83)
	at org.openqa.selenium.remote.RemoteWebDriver.execute(RemoteWebDriver.java:552)
	at org.openqa.selenium.remote.RemoteWebElement.execute(RemoteWebElement.java:285)
	at org.openqa.selenium.remote.RemoteWebElement.click(RemoteWebElement.java:84)
	at common.WebAPI.clickByXpath(WebAPI.java:328)
	at homepage.ProgressiveHomePage.checkGetQuoteButton(ProgressiveHomePage.java:55)
	at stepDefinitions.ProgressiveHomePageTestDefinitions.i_click_on_get_a_quote(ProgressiveHomePageTestDefinitions.java:64)
	at ✽.I click on Get a quote(file:///C:/Users/farha/IdeaProjects/BDD_Automation_Framework_Team1/Progressive/src/test/java/features/ExploreProducts.feature:220)
]]>
        </failure>
    </testcase>
    <testcase classname="Explore Products functionality on progressive homepage header" name="Trailer functionality under explore products" time="7.074">
        <system-out>
            <![CDATA[Given I am on progressive homepage..........................................passed
And I click on Explore Products.............................................passed
And I click on Trailer......................................................passed
And I enter "48091" on the zipcode search bar...............................passed
When I click on Get a quote.................................................passed
Then I should be able to see all the Trailer lists..........................passed
]]>
        </system-out>
    </testcase>
    <testcase classname="Explore Products functionality on progressive homepage header" name="Segway link functionality under explore products" time="6.463">
        <system-out>
            <![CDATA[Given I am on progressive homepage..........................................passed
And I click on Explore Products.............................................passed
And I click on Segway.......................................................passed
And I enter "48091" on the zipcode search bar...............................passed
When I click on Get a quote.................................................passed
Then I should be able to see drivers info form..............................passed
]]>
        </system-out>
    </testcase>
    <testcase classname="Explore Products functionality on progressive homepage header" name="Auto and property link functionality under explore products" time="6.639">
        <system-out>
            <![CDATA[Given I am on progressive homepage..........................................passed
And I click on Explore Products.............................................passed
And I click on Auto and property............................................passed
And I enter "48091" on the  bundle zipcode search bar.......................passed
When I click on Get a quote.................................................passed
Then I should be able to see drivers inf. form..............................passed
]]>
        </system-out>
    </testcase>
    <testcase classname="Explore Products functionality on progressive homepage header" name="Home Security functionality under explore products" time="11.267">
        <system-out>
            <![CDATA[Given I am on progressive homepage..........................................passed
And I click on Explore Products.............................................passed
And I click on home security................................................passed
When I click on buy online..................................................passed
And I click on house........................................................passed
And I click on small........................................................passed
And I click on two doors....................................................passed
Then I should be able to see submit email page..............................passed
]]>
        </system-out>
    </testcase>
    <testcase classname="Explore Products functionality on progressive homepage header" name="PWC link functionality under explore products" time="6.25">
        <system-out>
            <![CDATA[Given I am on progressive homepage..........................................passed
And I click on Explore Products.............................................passed
And I click on PWC..........................................................passed
And I enter "48091" on the PWC insurance zipcode search bar.................passed
When I click on Get a quotes................................................passed
Then I should be able to see drivers info forms.............................passed
]]>
        </system-out>
    </testcase>
</testsuite>
