
@smokeTest
Scenario: Auto insurance functionality in progressive sub-header # src/test/java/features/ExploreProducts.feature:8
  Given I am on progressive homepage                             # stepDefinitions.ProgressiveHomePageTestDefinitions.i_am_on_progressive_homepage()
  And I click on Explore Products                                # stepDefinitions.ProgressiveHomePageTestDefinitions.i_click_on_explore_products()
  And I mouse hoover on auto                                     # stepDefinitions.ProgressiveHomePageTestDefinitions.i_mouse_hoover_on_auto()
  And I enter "48091" on the zipcode search bar                  # stepDefinitions.ProgressiveHomePageTestDefinitions.i_enter_on_the_zipcode_search_bar(java.lang.String)
  And I click on Get  quotes                                     # stepDefinitions.ProgressiveHomePageTestDefinitions.i_click_on_get_quotes()
      org.openqa.selenium.ElementClickInterceptedException: element click intercepted: Element <input type="submit" id="qsButton_mma" name="qsButton" value="Get a quote"> is not clickable at point (1028, 242). Other element would receive the click: <div class="acsAbandonButton acsModalBackdrop" data-isbackdrop="true">...</div>
  (Session info: chrome=89.0.4389.90)
Build info: version: '3.141.59', revision: 'e82be7d358', time: '2018-11-14T08:17:03'
System info: host: 'DESKTOP-BQP1HFR', ip: '192.168.190.1', os.name: 'Windows 10', os.arch: 'amd64', os.version: '10.0', java.version: '11.0.9'
Driver info: org.openqa.selenium.chrome.ChromeDriver
Capabilities {acceptInsecureCerts: false, browserName: chrome, browserVersion: 89.0.4389.90, chrome: {chromedriverVersion: 89.0.4389.23 (61b08ee2c5002..., userDataDir: C:\Users\farha\AppData\Loca...}, goog:chromeOptions: {debuggerAddress: localhost:51414}, javascriptEnabled: true, networkConnectionEnabled: false, pageLoadStrategy: normal, platform: WINDOWS, platformName: WINDOWS, proxy: Proxy(), setWindowRect: true, strictFileInteractability: false, timeouts: {implicit: 0, pageLoad: 300000, script: 30000}, unhandledPromptBehavior: dismiss and notify, webauthn:extension:largeBlob: true, webauthn:virtualAuthenticators: true}
Session ID: 6c6bfa53f3ddaf067577ea55c98f7bbd
	at java.base/jdk.internal.reflect.NativeConstructorAccessorImpl.newInstance0(Native Method)
	at java.base/jdk.internal.reflect.NativeConstructorAccessorImpl.newInstance(NativeConstructorAccessorImpl.java:62)
	at java.base/jdk.internal.reflect.DelegatingConstructorAccessorImpl.newInstance(DelegatingConstructorAccessorImpl.java:45)
	at java.base/java.lang.reflect.Constructor.newInstance(Constructor.java:490)
	at org.openqa.selenium.remote.http.W3CHttpResponseCodec.createException(W3CHttpResponseCodec.java:187)
	at org.openqa.selenium.remote.http.W3CHttpResponseCodec.decode(W3CHttpResponseCodec.java:122)
	at org.openqa.selenium.remote.http.W3CHttpResponseCodec.decode(W3CHttpResponseCodec.java:49)
	at org.openqa.selenium.remote.HttpCommandExecutor.execute(HttpCommandExecutor.java:158)
	at org.openqa.selenium.remote.service.DriverCommandExecutor.execute(DriverCommandExecutor.java:83)
	at org.openqa.selenium.remote.RemoteWebDriver.execute(RemoteWebDriver.java:552)
	at org.openqa.selenium.remote.RemoteWebElement.execute(RemoteWebElement.java:285)
	at org.openqa.selenium.remote.RemoteWebElement.click(RemoteWebElement.java:84)
	at common.WebAPI.clickByXpath(WebAPI.java:321)
	at homepage.ProgressiveHomePage.checkGetQuoteButton(ProgressiveHomePage.java:55)
	at stepDefinitions.ProgressiveHomePageTestDefinitions.i_click_on_get_quotes(ProgressiveHomePageTestDefinitions.java:69)
	at ✽.I click on Get  quotes(file:///C:/Users/farha/IdeaProjects/BDD_Automation_Framework_Team1/Progressive/src/test/java/features/ExploreProducts.feature:11)

  And I enter driver information                                 # stepDefinitions.ProgressiveHomePageTestDefinitions.i_enter_driver_information(io.cucumber.datatable.DataTable)
  When I click on start my quote                                 # stepDefinitions.ProgressiveHomePageTestDefinitions.i_click_on_start_my_quote()
  Then I should be able to select my car model                   # stepDefinitions.ProgressiveHomePageTestDefinitions.i_should_be_able_to_select_my_car_model()

    Embedding Demo1 [image/png 280348 bytes]


@smokeTest
Scenario: Homeowners insurance under explore products                           # src/test/java/features/ExploreProducts.feature:24
  Given I am on progressive homepage                                            # stepDefinitions.ProgressiveHomePageTestDefinitions.i_am_on_progressive_homepage()
  And I click on Explore Products                                               # stepDefinitions.ProgressiveHomePageTestDefinitions.i_click_on_explore_products()
  And I click on homeowners                                                     # stepDefinitions.ProgressiveHomePageTestDefinitions.i_click_on_homeowners()
  And I enter "48091" on the homeowners insurance zipcode search box            # stepDefinitions.ProgressiveHomePageTestDefinitions.i_enter_on_the_homeowners_insurance_zipcode_search_box(java.lang.String)
  And I click on get homeowners insurance quote                                 # stepDefinitions.ProgressiveHomePageTestDefinitions.i_click_on_get_homeowners_insurance_quote()
  And I enter "23817 Curie St" on the address search box                        # stepDefinitions.ProgressiveHomePageTestDefinitions.i_enter_on_the_address_search_box(java.lang.String)
  And I click on Let's go button                                                # stepDefinitions.ProgressiveHomePageTestDefinitions.i_click_on_let_s_go_button()
  And I enter the homeowners information                                        # stepDefinitions.ProgressiveHomePageTestDefinitions.i_enter_the_homeowners_information(java.util.List<java.util.List<java.lang.String>>)
  And I select NO for do you have progressive auto insurance                    # stepDefinitions.ProgressiveHomePageTestDefinitions.i_select_no_for_do_you_have_progressive_auto_insurance()
  And I select April20th from the homeowners insurance calender                 # stepDefinitions.ProgressiveHomePageTestDefinitions.i_select_april20th_from_the_homeowners_insurance_calender()
  When I click on next                                                          # stepDefinitions.ProgressiveHomePageTestDefinitions.i_click_on_next()
  Then I should be able to see Home basics page for additional home information # stepDefinitions.ProgressiveHomePageTestDefinitions.i_should_be_able_to_see_home_basics_page_for_additional_home_information()

@smokeTest
Scenario: Motorcycle insurance functionality under explore products # src/test/java/features/ExploreProducts.feature:42
  Given I am on progressive homepage                                # stepDefinitions.ProgressiveHomePageTestDefinitions.i_am_on_progressive_homepage()
  And I click on Explore Products                                   # stepDefinitions.ProgressiveHomePageTestDefinitions.i_click_on_explore_products()
  And I click on motorcycle                                         # stepDefinitions.ProgressiveHomePageTestDefinitions.i_click_on_motorcycle()
  And I enter "48091" on the zipcode search bar                     # stepDefinitions.ProgressiveHomePageTestDefinitions.i_enter_on_the_zipcode_search_bar(java.lang.String)
  And I click on Get a quote                                        # stepDefinitions.ProgressiveHomePageTestDefinitions.i_click_on_get_a_quote()
  And I enter driver information                                    # stepDefinitions.ProgressiveHomePageTestDefinitions.i_enter_driver_information(io.cucumber.datatable.DataTable)
  When I click on start my quote                                    # stepDefinitions.ProgressiveHomePageTestDefinitions.i_click_on_start_my_quote()
  Then I should be able to see my motorbike model page              # stepDefinitions.ProgressiveHomePageTestDefinitions.i_should_be_able_to_see_my_motorbike_model_page()

@smokeTest
Scenario: Dental insurance functionality under personal explore products # src/test/java/features/ExploreProducts.feature:57
  Given I am on progressive homepage                                     # stepDefinitions.ProgressiveHomePageTestDefinitions.i_am_on_progressive_homepage()
  And I click on Explore Products                                        # stepDefinitions.ProgressiveHomePageTestDefinitions.i_click_on_explore_products()
  And I click on dental                                                  # stepDefinitions.ProgressiveHomePageTestDefinitions.i_click_on_dental()
  And I enter "48091" on the dental insurance search box                 # stepDefinitions.ProgressiveHomePageTestDefinitions.i_enter_on_the_dental_insurance_search_box(java.lang.String)
  And I click on get  quote                                              # stepDefinitions.ProgressiveHomePageTestDefinitions.i_click_on_get_quote()
  And I enter "48091" on the find plans zipcode search box               # stepDefinitions.ProgressiveHomePageTestDefinitions.i_enter_on_the_find_plans_zipcode_search_box(java.lang.String)
  And I select Female for gender                                         # stepDefinitions.ProgressiveHomePageTestDefinitions.i_select_female_for_gender()
  And I enter "12/21/2000" on the date of birth web edit field           # stepDefinitions.ProgressiveHomePageTestDefinitions.i_enter_on_the_date_of_birth_web_edit_field(java.lang.String)
  And I select April 20th from the coverage starting calender            # stepDefinitions.ProgressiveHomePageTestDefinitions.i_select_from_the_coverage_starting_calender()
  When I click on find plans                                             # stepDefinitions.ProgressiveHomePageTestDefinitions.i_click_on_find_plans()
  Then I should be able to see all the available plans                   # stepDefinitions.ProgressiveHomePageTestDefinitions.i_should_be_able_to_see_all_the_available_plans()

@smokeTest
Scenario: General  Liability functionality under explore products # src/test/java/features/ExploreProducts.feature:69
  Given I am on progressive homepage                              # stepDefinitions.ProgressiveHomePageTestDefinitions.i_am_on_progressive_homepage()
  And I click on Explore Products                                 # stepDefinitions.ProgressiveHomePageTestDefinitions.i_click_on_explore_products()
  And I click on general liability                                # stepDefinitions.ProgressiveHomePageTestDefinitions.i_click_on_general_liability()
  And I enter "48091" on zipcode search bar                       # stepDefinitions.ProgressiveHomePageTestDefinitions.i_enter_on_zipcode_search_bar(java.lang.String)
  When I click Get  quote                                         # stepDefinitions.ProgressiveHomePageTestDefinitions.i_click_get_quote()
  And I select general liability                                  # stepDefinitions.ProgressiveHomePageTestDefinitions.i_select_general_liability()
  And I click on continue                                         # stepDefinitions.ProgressiveHomePageTestDefinitions.i_click_on_continue()
  And I enter "teacher" on the what do you do search box          # stepDefinitions.ProgressiveHomePageTestDefinitions.i_enter_on_the_what_do_you_do_search_box(java.lang.String)
      org.openqa.selenium.NoSuchElementException: no such element: Unable to locate element: {"method":"xpath","selector":"//*[@id="searchbtn"]"}
  (Session info: chrome=89.0.4389.90)
For documentation on this error, please visit: https://www.seleniumhq.org/exceptions/no_such_element.html
Build info: version: '3.141.59', revision: 'e82be7d358', time: '2018-11-14T08:17:03'
System info: host: 'DESKTOP-BQP1HFR', ip: '192.168.190.1', os.name: 'Windows 10', os.arch: 'amd64', os.version: '10.0', java.version: '11.0.9'
Driver info: org.openqa.selenium.chrome.ChromeDriver
Capabilities {acceptInsecureCerts: false, browserName: chrome, browserVersion: 89.0.4389.90, chrome: {chromedriverVersion: 89.0.4389.23 (61b08ee2c5002..., userDataDir: C:\Users\farha\AppData\Loca...}, goog:chromeOptions: {debuggerAddress: localhost:51775}, javascriptEnabled: true, networkConnectionEnabled: false, pageLoadStrategy: normal, platform: WINDOWS, platformName: WINDOWS, proxy: Proxy(), setWindowRect: true, strictFileInteractability: false, timeouts: {implicit: 0, pageLoad: 300000, script: 30000}, unhandledPromptBehavior: dismiss and notify, webauthn:extension:largeBlob: true, webauthn:virtualAuthenticators: true}
Session ID: 976a7bf6fc929b4c1da51e27a1ca4c0c
*** Element info: {Using=xpath, value=//*[@id="searchbtn"]}
	at java.base/jdk.internal.reflect.NativeConstructorAccessorImpl.newInstance0(Native Method)
	at java.base/jdk.internal.reflect.NativeConstructorAccessorImpl.newInstance(NativeConstructorAccessorImpl.java:62)
	at java.base/jdk.internal.reflect.DelegatingConstructorAccessorImpl.newInstance(DelegatingConstructorAccessorImpl.java:45)
	at java.base/java.lang.reflect.Constructor.newInstance(Constructor.java:490)
	at org.openqa.selenium.remote.http.W3CHttpResponseCodec.createException(W3CHttpResponseCodec.java:187)
	at org.openqa.selenium.remote.http.W3CHttpResponseCodec.decode(W3CHttpResponseCodec.java:122)
	at org.openqa.selenium.remote.http.W3CHttpResponseCodec.decode(W3CHttpResponseCodec.java:49)
	at org.openqa.selenium.remote.HttpCommandExecutor.execute(HttpCommandExecutor.java:158)
	at org.openqa.selenium.remote.service.DriverCommandExecutor.execute(DriverCommandExecutor.java:83)
	at org.openqa.selenium.remote.RemoteWebDriver.execute(RemoteWebDriver.java:552)
	at org.openqa.selenium.remote.RemoteWebDriver.findElement(RemoteWebDriver.java:323)
	at org.openqa.selenium.remote.RemoteWebDriver.findElementByXPath(RemoteWebDriver.java:428)
	at org.openqa.selenium.By$ByXPath.findElement(By.java:353)
	at org.openqa.selenium.remote.RemoteWebDriver.findElement(RemoteWebDriver.java:315)
	at common.WebAPI.clickByXpath(WebAPI.java:321)
	at homepage.ProgressiveHomePage.checkWhatDoYouDoSearchBox(ProgressiveHomePage.java:296)
	at stepDefinitions.ProgressiveHomePageTestDefinitions.i_enter_on_the_what_do_you_do_search_box(ProgressiveHomePageTestDefinitions.java:391)
	at ✽.I enter "teacher" on the what do you do search box(file:///C:/Users/farha/IdeaProjects/BDD_Automation_Framework_Team1/Progressive/src/test/java/features/ExploreProducts.feature:75)

  And I select Teacher                                            # stepDefinitions.ProgressiveHomePageTestDefinitions.i_select_teacher()
  And click on continue                                           # stepDefinitions.ProgressiveHomePageTestDefinitions.click_on_continue()
  Then I should be able to see business info form                 # stepDefinitions.ProgressiveHomePageTestDefinitions.i_should_be_able_to_see_business_info_form()

    Embedding Demo1 [image/png 49516 bytes]


@smokeTest
Scenario: Explore products functionality in progressive sub-header # src/test/java/features/ExploreProducts.feature:82
  Given I am on progressive homepage                               # stepDefinitions.ProgressiveHomePageTestDefinitions.i_am_on_progressive_homepage()
  And I click on Explore Products                                  # stepDefinitions.ProgressiveHomePageTestDefinitions.i_click_on_explore_products()
  And I mouse hoover on auto                                       # stepDefinitions.ProgressiveHomePageTestDefinitions.i_mouse_hoover_on_auto()
  And I enter "48091" on the zipcode search bar                    # stepDefinitions.ProgressiveHomePageTestDefinitions.i_enter_on_the_zipcode_search_bar(java.lang.String)
  When I click on Get a quote                                      # stepDefinitions.ProgressiveHomePageTestDefinitions.i_click_on_get_a_quote()
      org.openqa.selenium.ElementClickInterceptedException: element click intercepted: Element <input type="submit" id="qsButton_mma" name="qsButton" value="Get a quote"> is not clickable at point (1028, 242). Other element would receive the click: <div class="acsAbandonButton acsModalBackdrop" data-isbackdrop="true">...</div>
  (Session info: chrome=89.0.4389.90)
Build info: version: '3.141.59', revision: 'e82be7d358', time: '2018-11-14T08:17:03'
System info: host: 'DESKTOP-BQP1HFR', ip: '192.168.190.1', os.name: 'Windows 10', os.arch: 'amd64', os.version: '10.0', java.version: '11.0.9'
Driver info: org.openqa.selenium.chrome.ChromeDriver
Capabilities {acceptInsecureCerts: false, browserName: chrome, browserVersion: 89.0.4389.90, chrome: {chromedriverVersion: 89.0.4389.23 (61b08ee2c5002..., userDataDir: C:\Users\farha\AppData\Loca...}, goog:chromeOptions: {debuggerAddress: localhost:51875}, javascriptEnabled: true, networkConnectionEnabled: false, pageLoadStrategy: normal, platform: WINDOWS, platformName: WINDOWS, proxy: Proxy(), setWindowRect: true, strictFileInteractability: false, timeouts: {implicit: 0, pageLoad: 300000, script: 30000}, unhandledPromptBehavior: dismiss and notify, webauthn:extension:largeBlob: true, webauthn:virtualAuthenticators: true}
Session ID: 9544b7863837a8a6d93913464088c320
	at java.base/jdk.internal.reflect.NativeConstructorAccessorImpl.newInstance0(Native Method)
	at java.base/jdk.internal.reflect.NativeConstructorAccessorImpl.newInstance(NativeConstructorAccessorImpl.java:62)
	at java.base/jdk.internal.reflect.DelegatingConstructorAccessorImpl.newInstance(DelegatingConstructorAccessorImpl.java:45)
	at java.base/java.lang.reflect.Constructor.newInstance(Constructor.java:490)
	at org.openqa.selenium.remote.http.W3CHttpResponseCodec.createException(W3CHttpResponseCodec.java:187)
	at org.openqa.selenium.remote.http.W3CHttpResponseCodec.decode(W3CHttpResponseCodec.java:122)
	at org.openqa.selenium.remote.http.W3CHttpResponseCodec.decode(W3CHttpResponseCodec.java:49)
	at org.openqa.selenium.remote.HttpCommandExecutor.execute(HttpCommandExecutor.java:158)
	at org.openqa.selenium.remote.service.DriverCommandExecutor.execute(DriverCommandExecutor.java:83)
	at org.openqa.selenium.remote.RemoteWebDriver.execute(RemoteWebDriver.java:552)
	at org.openqa.selenium.remote.RemoteWebElement.execute(RemoteWebElement.java:285)
	at org.openqa.selenium.remote.RemoteWebElement.click(RemoteWebElement.java:84)
	at common.WebAPI.clickByXpath(WebAPI.java:321)
	at homepage.ProgressiveHomePage.checkGetQuoteButton(ProgressiveHomePage.java:55)
	at stepDefinitions.ProgressiveHomePageTestDefinitions.i_click_on_get_a_quote(ProgressiveHomePageTestDefinitions.java:64)
	at ✽.I click on Get a quote(file:///C:/Users/farha/IdeaProjects/BDD_Automation_Framework_Team1/Progressive/src/test/java/features/ExploreProducts.feature:85)

  Then I should be able to see the start my quote form             # stepDefinitions.ProgressiveHomePageTestDefinitions.i_should_be_able_to_see_the_start_my_quote_form()

    Embedding Demo1 [image/png 278357 bytes]


@smokeTest
Scenario: claims link functionality under explore products # src/test/java/features/ExploreProducts.feature:89
  Given I am on progressive homepage                       # stepDefinitions.ProgressiveHomePageTestDefinitions.i_am_on_progressive_homepage()
  And I click on Explore Products                          # stepDefinitions.ProgressiveHomePageTestDefinitions.i_click_on_explore_products()
  And I click on claims                                    # stepDefinitions.ProgressiveHomePageTestDefinitions.i_click_on_claims()
  And I click on claims overview                           # stepDefinitions.ProgressiveHomePageTestDefinitions.i_click_on_claims_overview()
  When I click on report and view a claim                  # stepDefinitions.ProgressiveHomePageTestDefinitions.i_click_on_report_and_view_a_claim()
  Then I should be able to see the login page              # stepDefinitions.ProgressiveHomePageTestDefinitions.i_should_be_able_to_see_the_login_page()

@smokeTest
Scenario: Auto process claims link functionality under claims # src/test/java/features/ExploreProducts.feature:96
  Given I am on progressive homepage                          # stepDefinitions.ProgressiveHomePageTestDefinitions.i_am_on_progressive_homepage()
  And I click on Explore Products                             # stepDefinitions.ProgressiveHomePageTestDefinitions.i_click_on_explore_products()
  And I click on claims                                       # stepDefinitions.ProgressiveHomePageTestDefinitions.i_click_on_claims()
  When I click on Auto process claims                         # stepDefinitions.ProgressiveHomePageTestDefinitions.i_click_on_auto_process_claims()
  Then I should be able to see the auto claims page           # stepDefinitions.ProgressiveHomePageTestDefinitions.i_should_be_able_to_see_the_auto_claims_page()

@smokeTest
Scenario: Roadside assistance functionality under claims # src/test/java/features/ExploreProducts.feature:102
  Given I am on progressive homepage                     # stepDefinitions.ProgressiveHomePageTestDefinitions.i_am_on_progressive_homepage()
  And I click on Explore Products                        # stepDefinitions.ProgressiveHomePageTestDefinitions.i_click_on_explore_products()
  And I click on claims                                  # stepDefinitions.ProgressiveHomePageTestDefinitions.i_click_on_claims()
  When I click on roadside assistance                    # stepDefinitions.ProgressiveHomePageTestDefinitions.i_click_on_roadside_assistance()
  And I click on file a claim through progressive app    # stepDefinitions.ProgressiveHomePageTestDefinitions.i_click_on_file_a_claim_through_progressive_app()
  Then I should take me to the download page             # stepDefinitions.ProgressiveHomePageTestDefinitions.i_should_take_me_to_the_download_page()

@smokeTest
Scenario: Catastrophe claim functionality under claims # src/test/java/features/ExploreProducts.feature:109
  Given I am on progressive homepage                   # stepDefinitions.ProgressiveHomePageTestDefinitions.i_am_on_progressive_homepage()
  And I click on Explore Products                      # stepDefinitions.ProgressiveHomePageTestDefinitions.i_click_on_explore_products()
  And I click on claims                                # stepDefinitions.ProgressiveHomePageTestDefinitions.i_click_on_claims()
  When I click on Catastrophe                          # stepDefinitions.ProgressiveHomePageTestDefinitions.i_click_on_catastrophe()
  And I click on login                                 # stepDefinitions.ProgressiveHomePageTestDefinitions.i_click_on_login()
  Then I should take me to the login page              # stepDefinitions.ProgressiveHomePageTestDefinitions.i_should_take_me_to_the_login_page()

@smokeTest
Scenario: About us  functionality under explore products         # src/test/java/features/ExploreProducts.feature:117
  Given I am on progressive homepage                             # stepDefinitions.ProgressiveHomePageTestDefinitions.i_am_on_progressive_homepage()
  And I click on Explore Products                                # stepDefinitions.ProgressiveHomePageTestDefinitions.i_click_on_explore_products()
  And I click on about us                                        # stepDefinitions.ProgressiveHomePageTestDefinitions.i_click_on_about_us()
  When I click on corporate responsibility                       # stepDefinitions.ProgressiveHomePageTestDefinitions.i_click_on_corporate_responsibility()
  Then I should be able to see the corporate responsibility page # stepDefinitions.ProgressiveHomePageTestDefinitions.i_should_be_able_to_see_the_corporate_responsibility_page()

@smokeTest
Scenario: Investors link  functionality under about us             # src/test/java/features/ExploreProducts.feature:123
  Given I am on progressive homepage                               # stepDefinitions.ProgressiveHomePageTestDefinitions.i_am_on_progressive_homepage()
  And I click on Explore Products                                  # stepDefinitions.ProgressiveHomePageTestDefinitions.i_click_on_explore_products()
  And I click on about us                                          # stepDefinitions.ProgressiveHomePageTestDefinitions.i_click_on_about_us()
  When I click on Investors                                        # stepDefinitions.ProgressiveHomePageTestDefinitions.i_click_on_investors()
  Then I should be able to see all the messages from the investors # stepDefinitions.ProgressiveHomePageTestDefinitions.i_should_be_able_to_see_all_the_messages_from_the_investors()

@smokeTest
Scenario: Career link  functionality under about us # src/test/java/features/ExploreProducts.feature:129
  Given I am on progressive homepage                # stepDefinitions.ProgressiveHomePageTestDefinitions.i_am_on_progressive_homepage()
  And I click on Explore Products                   # stepDefinitions.ProgressiveHomePageTestDefinitions.i_click_on_explore_products()
  And I click on about us                           # stepDefinitions.ProgressiveHomePageTestDefinitions.i_click_on_about_us()
  And I click on career                             # stepDefinitions.ProgressiveHomePageTestDefinitions.i_click_on_career()
  When I click on Find a Career                     # stepDefinitions.ProgressiveHomePageTestDefinitions.i_click_on_find_a_career()
  Then I should be able to see all the job openings # stepDefinitions.ProgressiveHomePageTestDefinitions.i_should_be_able_to_see_all_the_job_openings()

@smokeTest
Scenario: Local Agent  functionality under about us       # src/test/java/features/ExploreProducts.feature:136
  Given I am on progressive homepage                      # stepDefinitions.ProgressiveHomePageTestDefinitions.i_am_on_progressive_homepage()
  And I click on Explore Products                         # stepDefinitions.ProgressiveHomePageTestDefinitions.i_click_on_explore_products()
  And I click on about us                                 # stepDefinitions.ProgressiveHomePageTestDefinitions.i_click_on_about_us()
  And I click on Local agent                              # stepDefinitions.ProgressiveHomePageTestDefinitions.i_click_on_local_agent()
  And I enter "48091" on the zip code search box          # stepDefinitions.ProgressiveHomePageTestDefinitions.i_enter_on_the_zip_code_search_box(java.lang.String)
  When I click on find an agent                           # stepDefinitions.ProgressiveHomePageTestDefinitions.i_click_on_find_an_agent()
      org.openqa.selenium.ElementClickInterceptedException: element click intercepted: Element <button type="submit" id="findAgentButton">...</button> is not clickable at point (849, 250). Other element would receive the click: <h1 id="fsrHeading">...</h1>
  (Session info: chrome=89.0.4389.90)
Build info: version: '3.141.59', revision: 'e82be7d358', time: '2018-11-14T08:17:03'
System info: host: 'DESKTOP-BQP1HFR', ip: '192.168.190.1', os.name: 'Windows 10', os.arch: 'amd64', os.version: '10.0', java.version: '11.0.9'
Driver info: org.openqa.selenium.chrome.ChromeDriver
Capabilities {acceptInsecureCerts: false, browserName: chrome, browserVersion: 89.0.4389.90, chrome: {chromedriverVersion: 89.0.4389.23 (61b08ee2c5002..., userDataDir: C:\Users\farha\AppData\Loca...}, goog:chromeOptions: {debuggerAddress: localhost:52355}, javascriptEnabled: true, networkConnectionEnabled: false, pageLoadStrategy: normal, platform: WINDOWS, platformName: WINDOWS, proxy: Proxy(), setWindowRect: true, strictFileInteractability: false, timeouts: {implicit: 0, pageLoad: 300000, script: 30000}, unhandledPromptBehavior: dismiss and notify, webauthn:extension:largeBlob: true, webauthn:virtualAuthenticators: true}
Session ID: 1af1e24d0a4f041cf09a717ad8d8b8c2
	at java.base/jdk.internal.reflect.NativeConstructorAccessorImpl.newInstance0(Native Method)
	at java.base/jdk.internal.reflect.NativeConstructorAccessorImpl.newInstance(NativeConstructorAccessorImpl.java:62)
	at java.base/jdk.internal.reflect.DelegatingConstructorAccessorImpl.newInstance(DelegatingConstructorAccessorImpl.java:45)
	at java.base/java.lang.reflect.Constructor.newInstance(Constructor.java:490)
	at org.openqa.selenium.remote.http.W3CHttpResponseCodec.createException(W3CHttpResponseCodec.java:187)
	at org.openqa.selenium.remote.http.W3CHttpResponseCodec.decode(W3CHttpResponseCodec.java:122)
	at org.openqa.selenium.remote.http.W3CHttpResponseCodec.decode(W3CHttpResponseCodec.java:49)
	at org.openqa.selenium.remote.HttpCommandExecutor.execute(HttpCommandExecutor.java:158)
	at org.openqa.selenium.remote.service.DriverCommandExecutor.execute(DriverCommandExecutor.java:83)
	at org.openqa.selenium.remote.RemoteWebDriver.execute(RemoteWebDriver.java:552)
	at org.openqa.selenium.remote.RemoteWebElement.execute(RemoteWebElement.java:285)
	at org.openqa.selenium.remote.RemoteWebElement.click(RemoteWebElement.java:84)
	at common.WebAPI.clickByXpath(WebAPI.java:321)
	at homepage.ProgressiveHomePage.checkFindAnAgentButton(ProgressiveHomePage.java:147)
	at stepDefinitions.ProgressiveHomePageTestDefinitions.i_click_on_find_an_agent(ProgressiveHomePageTestDefinitions.java:203)
	at ✽.I click on find an agent(file:///C:/Users/farha/IdeaProjects/BDD_Automation_Framework_Team1/Progressive/src/test/java/features/ExploreProducts.feature:140)

  Then I should be able to see all the local agents lists # stepDefinitions.ProgressiveHomePageTestDefinitions.i_should_be_able_to_see_all_the_local_agents_lists()

    Embedding Demo1 [image/png 355810 bytes]


@smokeTest
Scenario: Newsroom link  functionality under about us # src/test/java/features/ExploreProducts.feature:144
  Given I am on progressive homepage                  # stepDefinitions.ProgressiveHomePageTestDefinitions.i_am_on_progressive_homepage()
  And I click on Explore Products                     # stepDefinitions.ProgressiveHomePageTestDefinitions.i_click_on_explore_products()
  And I click on about us                             # stepDefinitions.ProgressiveHomePageTestDefinitions.i_click_on_about_us()
  When I click on newsroom                            # stepDefinitions.ProgressiveHomePageTestDefinitions.i_click_on_newsroom()
  Then It should navigate me to the newsroom page     # stepDefinitions.ProgressiveHomePageTestDefinitions.it_should_navigate_me_to_the_newsroom_page()

@smokeTest
Scenario: Mobile home functionality under explore products # src/test/java/features/ExploreProducts.feature:150
  Given I am on progressive homepage                       # stepDefinitions.ProgressiveHomePageTestDefinitions.i_am_on_progressive_homepage()
  And I click on Explore Products                          # stepDefinitions.ProgressiveHomePageTestDefinitions.i_click_on_explore_products()
  And I click on mobile homes                              # stepDefinitions.ProgressiveHomePageTestDefinitions.i_click_on_mobile_homes()
  And I enter "48091" on the zipcode search bar            # stepDefinitions.ProgressiveHomePageTestDefinitions.i_enter_on_the_zipcode_search_bar(java.lang.String)
  When I click on Get a quote                              # stepDefinitions.ProgressiveHomePageTestDefinitions.i_click_on_get_a_quote()
  Then I should be able to see the start my quote forms    # stepDefinitions.ProgressiveHomePageTestDefinitions.i_should_be_able_to_see_the_start_my_quote_forms()

@smokeTest
Scenario: Commercial Auto functionality under explore products # src/test/java/features/ExploreProducts.feature:157
  Given I am on progressive homepage                           # stepDefinitions.ProgressiveHomePageTestDefinitions.i_am_on_progressive_homepage()
  And I click on Explore Products                              # stepDefinitions.ProgressiveHomePageTestDefinitions.i_click_on_explore_products()
  And I click on commercial Auto                               # stepDefinitions.ProgressiveHomePageTestDefinitions.i_click_on_commercial_auto()
  And I enter "48091" on zipcode search bar                    # stepDefinitions.ProgressiveHomePageTestDefinitions.i_enter_on_zipcode_search_bar(java.lang.String)
  When I click Get  quote                                      # stepDefinitions.ProgressiveHomePageTestDefinitions.i_click_get_quote()
  Then I should be able to see All the commercial Auto Lists   # stepDefinitions.ProgressiveHomePageTestDefinitions.i_should_be_able_to_see_all_the_commercial_auto_lists()

@smokeTest
Scenario: Workers compensation functionality under explore products # src/test/java/features/ExploreProducts.feature:164
  Given I am on progressive homepage                                # stepDefinitions.ProgressiveHomePageTestDefinitions.i_am_on_progressive_homepage()
  And I click on Explore Products                                   # stepDefinitions.ProgressiveHomePageTestDefinitions.i_click_on_explore_products()
  And I click on workers compensation                               # stepDefinitions.ProgressiveHomePageTestDefinitions.i_click_on_workers_compensation()
  And I enter "48091" on zipcode search bar                         # stepDefinitions.ProgressiveHomePageTestDefinitions.i_enter_on_zipcode_search_bar(java.lang.String)
  When I click Get  quote                                           # stepDefinitions.ProgressiveHomePageTestDefinitions.i_click_get_quote()
  And I select workers compensation                                 # stepDefinitions.ProgressiveHomePageTestDefinitions.i_select_workers_compensation()
  And I click on continue                                           # stepDefinitions.ProgressiveHomePageTestDefinitions.i_click_on_continue()
  Then I should be able to see what do you do homepage              # stepDefinitions.ProgressiveHomePageTestDefinitions.i_should_be_able_to_see_what_do_you_do_homepage()

@smokeTest
Scenario: Professional Liability functionality under explore products # src/test/java/features/ExploreProducts.feature:173
  Given I am on progressive homepage                                  # stepDefinitions.ProgressiveHomePageTestDefinitions.i_am_on_progressive_homepage()
  And I click on Explore Products                                     # stepDefinitions.ProgressiveHomePageTestDefinitions.i_click_on_explore_products()
  And I click on professional liability                               # stepDefinitions.ProgressiveHomePageTestDefinitions.i_click_on_professional_liability()
  And I enter "48091" on zipcode search bar                           # stepDefinitions.ProgressiveHomePageTestDefinitions.i_enter_on_zipcode_search_bar(java.lang.String)
  When I click Get  quote                                             # stepDefinitions.ProgressiveHomePageTestDefinitions.i_click_get_quote()
  And I select professional liability                                 # stepDefinitions.ProgressiveHomePageTestDefinitions.i_select_professional_liability()
  And I click on continue                                             # stepDefinitions.ProgressiveHomePageTestDefinitions.i_click_on_continue()
  Then I should be able to see what do you do homepage                # stepDefinitions.ProgressiveHomePageTestDefinitions.i_should_be_able_to_see_what_do_you_do_homepage()

@smokeTest
Scenario: Business Owner's policy functionality under explore products # src/test/java/features/ExploreProducts.feature:182
  Given I am on progressive homepage                                   # stepDefinitions.ProgressiveHomePageTestDefinitions.i_am_on_progressive_homepage()
  And I click on Explore Products                                      # stepDefinitions.ProgressiveHomePageTestDefinitions.i_click_on_explore_products()
  And I click on business owners policy                                # stepDefinitions.ProgressiveHomePageTestDefinitions.i_click_on_business_owners_policy()
  And I enter "48091" on zipcode search bar                            # stepDefinitions.ProgressiveHomePageTestDefinitions.i_enter_on_zipcode_search_bar(java.lang.String)
  When I click Get  quote                                              # stepDefinitions.ProgressiveHomePageTestDefinitions.i_click_get_quote()
  Then I should be able to get started page                            # stepDefinitions.ProgressiveHomePageTestDefinitions.i_should_be_able_to_get_started_page()

@smokeTest
Scenario: Business insurance policy functionality under explore products # src/test/java/features/ExploreProducts.feature:189
  Given I am on progressive homepage                                     # stepDefinitions.ProgressiveHomePageTestDefinitions.i_am_on_progressive_homepage()
  And I click on Explore Products                                        # stepDefinitions.ProgressiveHomePageTestDefinitions.i_click_on_explore_products()
  And I click on business insurance                                      # stepDefinitions.ProgressiveHomePageTestDefinitions.i_click_on_business_insurance()
  And I enter "48091" on zipcode search bar                              # stepDefinitions.ProgressiveHomePageTestDefinitions.i_enter_on_zipcode_search_bar(java.lang.String)
  When I click Get  quote                                                # stepDefinitions.ProgressiveHomePageTestDefinitions.i_click_get_quote()
  Then I should be able to see get started page                          # stepDefinitions.ProgressiveHomePageTestDefinitions.i_should_be_able_to_see_get_started_page()

@smokeTest
Scenario: Snowmobile insurance functionality under explore products # src/test/java/features/ExploreProducts.feature:196
  Given I am on progressive homepage                                # stepDefinitions.ProgressiveHomePageTestDefinitions.i_am_on_progressive_homepage()
  And I click on Explore Products                                   # stepDefinitions.ProgressiveHomePageTestDefinitions.i_click_on_explore_products()
  And I click on snowmobile                                         # stepDefinitions.ProgressiveHomePageTestDefinitions.i_click_on_snowmobile()
  And I enter "48091" on the zipcode search bar                     # stepDefinitions.ProgressiveHomePageTestDefinitions.i_enter_on_the_zipcode_search_bar(java.lang.String)
  When I click on Get a quote                                       # stepDefinitions.ProgressiveHomePageTestDefinitions.i_click_on_get_a_quote()
  Then I should be able to see the drivers information form         # stepDefinitions.ProgressiveHomePageTestDefinitions.i_should_be_able_to_see_the_drivers_information_form()

@smokeTest
Scenario: Boat insurance functionality under explore products # src/test/java/features/ExploreProducts.feature:203
  Given I am on progressive homepage                          # stepDefinitions.ProgressiveHomePageTestDefinitions.i_am_on_progressive_homepage()
  And I click on Explore Products                             # stepDefinitions.ProgressiveHomePageTestDefinitions.i_click_on_explore_products()
  And I click on Boat                                         # stepDefinitions.ProgressiveHomePageTestDefinitions.i_click_on_boat()
  And I enter "48091" on the zipcode search bar               # stepDefinitions.ProgressiveHomePageTestDefinitions.i_enter_on_the_zipcode_search_bar(java.lang.String)
  When I click on Get a quote                                 # stepDefinitions.ProgressiveHomePageTestDefinitions.i_click_on_get_a_quote()
      org.openqa.selenium.ElementClickInterceptedException: element click intercepted: Element <input type="submit" id="qsButton_mma" name="qsButton" value="Get a quote"> is not clickable at point (849, 242). Other element would receive the click: <h1 id="fsrHeading">...</h1>
  (Session info: chrome=89.0.4389.90)
Build info: version: '3.141.59', revision: 'e82be7d358', time: '2018-11-14T08:17:03'
System info: host: 'DESKTOP-BQP1HFR', ip: '192.168.190.1', os.name: 'Windows 10', os.arch: 'amd64', os.version: '10.0', java.version: '11.0.9'
Driver info: org.openqa.selenium.chrome.ChromeDriver
Capabilities {acceptInsecureCerts: false, browserName: chrome, browserVersion: 89.0.4389.90, chrome: {chromedriverVersion: 89.0.4389.23 (61b08ee2c5002..., userDataDir: C:\Users\farha\AppData\Loca...}, goog:chromeOptions: {debuggerAddress: localhost:52949}, javascriptEnabled: true, networkConnectionEnabled: false, pageLoadStrategy: normal, platform: WINDOWS, platformName: WINDOWS, proxy: Proxy(), setWindowRect: true, strictFileInteractability: false, timeouts: {implicit: 0, pageLoad: 300000, script: 30000}, unhandledPromptBehavior: dismiss and notify, webauthn:extension:largeBlob: true, webauthn:virtualAuthenticators: true}
Session ID: 555ddae69ea4ba629f4fd43e13548b6c
	at java.base/jdk.internal.reflect.NativeConstructorAccessorImpl.newInstance0(Native Method)
	at java.base/jdk.internal.reflect.NativeConstructorAccessorImpl.newInstance(NativeConstructorAccessorImpl.java:62)
	at java.base/jdk.internal.reflect.DelegatingConstructorAccessorImpl.newInstance(DelegatingConstructorAccessorImpl.java:45)
	at java.base/java.lang.reflect.Constructor.newInstance(Constructor.java:490)
	at org.openqa.selenium.remote.http.W3CHttpResponseCodec.createException(W3CHttpResponseCodec.java:187)
	at org.openqa.selenium.remote.http.W3CHttpResponseCodec.decode(W3CHttpResponseCodec.java:122)
	at org.openqa.selenium.remote.http.W3CHttpResponseCodec.decode(W3CHttpResponseCodec.java:49)
	at org.openqa.selenium.remote.HttpCommandExecutor.execute(HttpCommandExecutor.java:158)
	at org.openqa.selenium.remote.service.DriverCommandExecutor.execute(DriverCommandExecutor.java:83)
	at org.openqa.selenium.remote.RemoteWebDriver.execute(RemoteWebDriver.java:552)
	at org.openqa.selenium.remote.RemoteWebElement.execute(RemoteWebElement.java:285)
	at org.openqa.selenium.remote.RemoteWebElement.click(RemoteWebElement.java:84)
	at common.WebAPI.clickByXpath(WebAPI.java:321)
	at homepage.ProgressiveHomePage.checkGetQuoteButton(ProgressiveHomePage.java:55)
	at stepDefinitions.ProgressiveHomePageTestDefinitions.i_click_on_get_a_quote(ProgressiveHomePageTestDefinitions.java:64)
	at ✽.I click on Get a quote(file:///C:/Users/farha/IdeaProjects/BDD_Automation_Framework_Team1/Progressive/src/test/java/features/ExploreProducts.feature:206)

  Then I should be able to see the driver information form    # stepDefinitions.ProgressiveHomePageTestDefinitions.i_should_be_able_to_see_the_driver_information_form()

    Embedding Demo1 [image/png 343529 bytes]


@smokeTest
Scenario: Classic Car functionality under explore products # src/test/java/features/ExploreProducts.feature:210
  Given I am on progressive homepage                       # stepDefinitions.ProgressiveHomePageTestDefinitions.i_am_on_progressive_homepage()
  And I click on Explore Products                          # stepDefinitions.ProgressiveHomePageTestDefinitions.i_click_on_explore_products()
  And I click on Classic car                               # stepDefinitions.ProgressiveHomePageTestDefinitions.i_click_on_classic_car()
  And I enter "48091" on the zipcode search bar            # stepDefinitions.ProgressiveHomePageTestDefinitions.i_enter_on_the_zipcode_search_bar(java.lang.String)
  When I click on Get a quote                              # stepDefinitions.ProgressiveHomePageTestDefinitions.i_click_on_get_a_quote()
  Then I should be able to see the driver info form        # stepDefinitions.ProgressiveHomePageTestDefinitions.i_should_be_able_to_see_the_driver_info_form()

@smokeTest
Scenario: Golf Car functionality under explore products # src/test/java/features/ExploreProducts.feature:217
  Given I am on progressive homepage                    # stepDefinitions.ProgressiveHomePageTestDefinitions.i_am_on_progressive_homepage()
  And I click on Explore Products                       # stepDefinitions.ProgressiveHomePageTestDefinitions.i_click_on_explore_products()
  And I click on Golf car                               # stepDefinitions.ProgressiveHomePageTestDefinitions.i_click_on_golf_car()
  And I enter "48091" on the zipcode search bar         # stepDefinitions.ProgressiveHomePageTestDefinitions.i_enter_on_the_zipcode_search_bar(java.lang.String)
  When I click on Get a quote                           # stepDefinitions.ProgressiveHomePageTestDefinitions.i_click_on_get_a_quote()
  Then I should be able to see  driver info form        # stepDefinitions.ProgressiveHomePageTestDefinitions.i_should_be_able_to_see_driver_info_form()

@smokeTest
Scenario: Trailer functionality under explore products # src/test/java/features/ExploreProducts.feature:224
  Given I am on progressive homepage                   # stepDefinitions.ProgressiveHomePageTestDefinitions.i_am_on_progressive_homepage()
  And I click on Explore Products                      # stepDefinitions.ProgressiveHomePageTestDefinitions.i_click_on_explore_products()
  And I click on Trailer                               # stepDefinitions.ProgressiveHomePageTestDefinitions.i_click_on_trailer()
      org.openqa.selenium.ElementClickInterceptedException: element click intercepted: Element <a href="#l" aria-haspopup="dialog" data-qs-product="RV" data-tracking-label="rvtrailer_section">...</a> is not clickable at point (506, 426). Other element would receive the click: <div class="teasers">...</div>
  (Session info: chrome=89.0.4389.90)
Build info: version: '3.141.59', revision: 'e82be7d358', time: '2018-11-14T08:17:03'
System info: host: 'DESKTOP-BQP1HFR', ip: '192.168.190.1', os.name: 'Windows 10', os.arch: 'amd64', os.version: '10.0', java.version: '11.0.9'
Driver info: org.openqa.selenium.chrome.ChromeDriver
Capabilities {acceptInsecureCerts: false, browserName: chrome, browserVersion: 89.0.4389.90, chrome: {chromedriverVersion: 89.0.4389.23 (61b08ee2c5002..., userDataDir: C:\Users\farha\AppData\Loca...}, goog:chromeOptions: {debuggerAddress: localhost:53119}, javascriptEnabled: true, networkConnectionEnabled: false, pageLoadStrategy: normal, platform: WINDOWS, platformName: WINDOWS, proxy: Proxy(), setWindowRect: true, strictFileInteractability: false, timeouts: {implicit: 0, pageLoad: 300000, script: 30000}, unhandledPromptBehavior: dismiss and notify, webauthn:extension:largeBlob: true, webauthn:virtualAuthenticators: true}
Session ID: bba19238b1274007efed483e00f39a03
	at java.base/jdk.internal.reflect.NativeConstructorAccessorImpl.newInstance0(Native Method)
	at java.base/jdk.internal.reflect.NativeConstructorAccessorImpl.newInstance(NativeConstructorAccessorImpl.java:62)
	at java.base/jdk.internal.reflect.DelegatingConstructorAccessorImpl.newInstance(DelegatingConstructorAccessorImpl.java:45)
	at java.base/java.lang.reflect.Constructor.newInstance(Constructor.java:490)
	at org.openqa.selenium.remote.http.W3CHttpResponseCodec.createException(W3CHttpResponseCodec.java:187)
	at org.openqa.selenium.remote.http.W3CHttpResponseCodec.decode(W3CHttpResponseCodec.java:122)
	at org.openqa.selenium.remote.http.W3CHttpResponseCodec.decode(W3CHttpResponseCodec.java:49)
	at org.openqa.selenium.remote.HttpCommandExecutor.execute(HttpCommandExecutor.java:158)
	at org.openqa.selenium.remote.service.DriverCommandExecutor.execute(DriverCommandExecutor.java:83)
	at org.openqa.selenium.remote.RemoteWebDriver.execute(RemoteWebDriver.java:552)
	at org.openqa.selenium.remote.RemoteWebElement.execute(RemoteWebElement.java:285)
	at org.openqa.selenium.remote.RemoteWebElement.click(RemoteWebElement.java:84)
	at common.WebAPI.clickOnLink(WebAPI.java:724)
	at homepage.ProgressiveHomePage.checkTrailerLink(ProgressiveHomePage.java:360)
	at stepDefinitions.ProgressiveHomePageTestDefinitions.i_click_on_trailer(ProgressiveHomePageTestDefinitions.java:461)
	at ✽.I click on Trailer(file:///C:/Users/farha/IdeaProjects/BDD_Automation_Framework_Team1/Progressive/src/test/java/features/ExploreProducts.feature:225)

  And I enter "48091" on the zipcode search bar        # stepDefinitions.ProgressiveHomePageTestDefinitions.i_enter_on_the_zipcode_search_bar(java.lang.String)
  When I click on Get a quote                          # stepDefinitions.ProgressiveHomePageTestDefinitions.i_click_on_get_a_quote()
  Then I should be able to see all the Trailer lists   # stepDefinitions.ProgressiveHomePageTestDefinitions.i_should_be_able_to_see_all_the_trailer_lists()

    Embedding Demo1 [image/png 101255 bytes]


@smokeTest
Scenario: Segway link functionality under explore products # src/test/java/features/ExploreProducts.feature:231
  Given I am on progressive homepage                       # stepDefinitions.ProgressiveHomePageTestDefinitions.i_am_on_progressive_homepage()
  And I click on Explore Products                          # stepDefinitions.ProgressiveHomePageTestDefinitions.i_click_on_explore_products()
  And I click on Segway                                    # stepDefinitions.ProgressiveHomePageTestDefinitions.i_click_on_segway()
  And I enter "48091" on the zipcode search bar            # stepDefinitions.ProgressiveHomePageTestDefinitions.i_enter_on_the_zipcode_search_bar(java.lang.String)
  When I click on Get a quote                              # stepDefinitions.ProgressiveHomePageTestDefinitions.i_click_on_get_a_quote()
  Then I should be able to see drivers info form           # stepDefinitions.ProgressiveHomePageTestDefinitions.i_should_be_able_to_see_drivers_info_form()

@smokeTest
Scenario: Auto and property link functionality under explore products # src/test/java/features/ExploreProducts.feature:238
  Given I am on progressive homepage                                  # stepDefinitions.ProgressiveHomePageTestDefinitions.i_am_on_progressive_homepage()
  And I click on Explore Products                                     # stepDefinitions.ProgressiveHomePageTestDefinitions.i_click_on_explore_products()
  And I click on Auto and property                                    # stepDefinitions.ProgressiveHomePageTestDefinitions.i_click_on_auto_and_property()
  And I enter "48091" on the  bundle zipcode search bar               # stepDefinitions.ProgressiveHomePageTestDefinitions.i_enter_on_the_bundle_zipcode_search_bar(java.lang.String)
  When I click on Get a quote                                         # stepDefinitions.ProgressiveHomePageTestDefinitions.i_click_on_get_a_quote()
  Then I should be able to see drivers inf. form                      # stepDefinitions.ProgressiveHomePageTestDefinitions.i_should_be_able_to_see_drivers_inf_form()

@smokeTest
Scenario: Home Security functionality under explore products # src/test/java/features/ExploreProducts.feature:245
  Given I am on progressive homepage                         # stepDefinitions.ProgressiveHomePageTestDefinitions.i_am_on_progressive_homepage()
  And I click on Explore Products                            # stepDefinitions.ProgressiveHomePageTestDefinitions.i_click_on_explore_products()
  And I click on home security                               # stepDefinitions.ProgressiveHomePageTestDefinitions.i_click_on_home_security()
  When I click on buy online                                 # stepDefinitions.ProgressiveHomePageTestDefinitions.i_click_on_buy_online()
  And I click on house                                       # stepDefinitions.ProgressiveHomePageTestDefinitions.i_click_on_house()
  And I click on small                                       # stepDefinitions.ProgressiveHomePageTestDefinitions.i_click_on_small()
  And I click on two doors                                   # stepDefinitions.ProgressiveHomePageTestDefinitions.i_click_on_two_doors()
  Then I should be able to see submit email page             # stepDefinitions.ProgressiveHomePageTestDefinitions.i_should_be_able_to_see_submit_email_page()

@smokeTest
Scenario: PWC link functionality under explore products       # src/test/java/features/ExploreProducts.feature:254
  Given I am on progressive homepage                          # stepDefinitions.ProgressiveHomePageTestDefinitions.i_am_on_progressive_homepage()
  And I click on Explore Products                             # stepDefinitions.ProgressiveHomePageTestDefinitions.i_click_on_explore_products()
  And I click on PWC                                          # stepDefinitions.ProgressiveHomePageTestDefinitions.i_click_on_pwc()
  And I enter "48091" on the PWC insurance zipcode search bar # stepDefinitions.ProgressiveHomePageTestDefinitions.i_enter_on_the_pwc_insurance_zipcode_search_bar(java.lang.String)
  When I click on Get a quotes                                # stepDefinitions.ProgressiveHomePageTestDefinitions.i_click_on_get_a_quotes()
      org.openqa.selenium.ElementClickInterceptedException: element click intercepted: Element <input type="submit" id="qsButton" name="qsButton" value="Get a quote"> is not clickable at point (758, 308). Other element would receive the click: <p id="fsrDescription">...</p>
  (Session info: chrome=89.0.4389.90)
Build info: version: '3.141.59', revision: 'e82be7d358', time: '2018-11-14T08:17:03'
System info: host: 'DESKTOP-BQP1HFR', ip: '192.168.190.1', os.name: 'Windows 10', os.arch: 'amd64', os.version: '10.0', java.version: '11.0.9'
Driver info: org.openqa.selenium.chrome.ChromeDriver
Capabilities {acceptInsecureCerts: false, browserName: chrome, browserVersion: 89.0.4389.90, chrome: {chromedriverVersion: 89.0.4389.23 (61b08ee2c5002..., userDataDir: C:\Users\farha\AppData\Loca...}, goog:chromeOptions: {debuggerAddress: localhost:53431}, javascriptEnabled: true, networkConnectionEnabled: false, pageLoadStrategy: normal, platform: WINDOWS, platformName: WINDOWS, proxy: Proxy(), setWindowRect: true, strictFileInteractability: false, timeouts: {implicit: 0, pageLoad: 300000, script: 30000}, unhandledPromptBehavior: dismiss and notify, webauthn:extension:largeBlob: true, webauthn:virtualAuthenticators: true}
Session ID: 8e1c52945fc5dc458e3d6593e427a3b6
	at java.base/jdk.internal.reflect.NativeConstructorAccessorImpl.newInstance0(Native Method)
	at java.base/jdk.internal.reflect.NativeConstructorAccessorImpl.newInstance(NativeConstructorAccessorImpl.java:62)
	at java.base/jdk.internal.reflect.DelegatingConstructorAccessorImpl.newInstance(DelegatingConstructorAccessorImpl.java:45)
	at java.base/java.lang.reflect.Constructor.newInstance(Constructor.java:490)
	at org.openqa.selenium.remote.http.W3CHttpResponseCodec.createException(W3CHttpResponseCodec.java:187)
	at org.openqa.selenium.remote.http.W3CHttpResponseCodec.decode(W3CHttpResponseCodec.java:122)
	at org.openqa.selenium.remote.http.W3CHttpResponseCodec.decode(W3CHttpResponseCodec.java:49)
	at org.openqa.selenium.remote.HttpCommandExecutor.execute(HttpCommandExecutor.java:158)
	at org.openqa.selenium.remote.service.DriverCommandExecutor.execute(DriverCommandExecutor.java:83)
	at org.openqa.selenium.remote.RemoteWebDriver.execute(RemoteWebDriver.java:552)
	at org.openqa.selenium.remote.RemoteWebElement.execute(RemoteWebElement.java:285)
	at org.openqa.selenium.remote.RemoteWebElement.click(RemoteWebElement.java:84)
	at common.WebAPI.clickByXpath(WebAPI.java:321)
	at homepage.ProgressiveHomePage.pwcGetQuotes(ProgressiveHomePage.java:423)
	at stepDefinitions.ProgressiveHomePageTestDefinitions.i_click_on_get_a_quotes(ProgressiveHomePageTestDefinitions.java:530)
	at ✽.I click on Get a quotes(file:///C:/Users/farha/IdeaProjects/BDD_Automation_Framework_Team1/Progressive/src/test/java/features/ExploreProducts.feature:257)

  Then I should be able to see drivers info forms             # stepDefinitions.ProgressiveHomePageTestDefinitions.i_should_be_able_to_see_drivers_info_forms()

    Embedding Demo1 [image/png 67865 bytes]

