<?xml version="1.0" encoding="UTF-8" standalone="no"?>
<testsuite errors="0" failures="3" name="io.cucumber.core.plugin.JUnitFormatter" skipped="0" tests="30" time="467.728">
    <testcase classname="AT&amp;T business option on AT&amp;T header" name="Bundles link functionality under AT&amp;T business on header" time="37.396">
        <system-out>
            <![CDATA[Given I am on AT&T homepage.................................................passed
And I click on Business.....................................................passed
And I click on bundles......................................................passed
And I enter "23517 Curie st" on the service address search box..............passed
And I enter "48091" on the zip code field...................................passed
When I click on check availability..........................................passed
And I select internet speed 25..............................................passed
And I select checkbox for heavy traffic on optional internet ehancement section.passed
And I select AT&T phone for business under bundle options...................passed
And I enter service user information........................................passed
And I click on internet check box...........................................passed
And I click on submit button................................................passed
Then I should see your request has been submitted message...................passed
]]>
        </system-out>
    </testcase>
    <testcase classname="AT&amp;T business option on AT&amp;T header" name="Internet link functionality under AT&amp;T business on header" time="22.986">
        <system-out>
            <![CDATA[Given I am on AT&T homepage.................................................passed
And I click on Business.....................................................passed
And I click on Internet.....................................................passed
And I enter "23517 Curie st" on the service address search box..............passed
And I enter "48091" on the zip code field...................................passed
When I click on check availability..........................................passed
And I click on  shop now....................................................passed
Then I should be able to see all the Internet Deals.........................passed
]]>
        </system-out>
    </testcase>
    <testcase classname="AT&amp;T business option on AT&amp;T header" name="Voice link functionality under AT&amp;T business on header" time="13.197">
        <system-out>
            <![CDATA[Given I am on AT&T homepage.................................................passed
And I click on Business.....................................................passed
And I click on voice........................................................passed
And I enter "23517 Curie st" on the service address search box..............passed
And I enter "48091" on the zip code field...................................passed
When I click on check availability..........................................passed
Then I should be able to see all voice deals................................passed
]]>
        </system-out>
    </testcase>
    <testcase classname="AT&amp;T business option on AT&amp;T header" name="Bundles link functionality under AT&amp;T business on header" time="15.119">
        <system-out>
            <![CDATA[Given I am on AT&T homepage.................................................passed
And I click on Business.....................................................passed
And I click on bundles......................................................passed
And I enter "23517 Curie st" on the service address search box..............passed
And I enter "48091" on the zip code field...................................passed
When I click on check availability..........................................passed
Then I should be able to see all the bundles................................passed
]]>
        </system-out>
    </testcase>
    <testcase classname="AT&amp;T business option on AT&amp;T header" name="Business tools functionality under business" time="11.573">
        <system-out>
            <![CDATA[Given I am on AT&T homepage.................................................passed
And I click on Business.....................................................passed
When I click on business tools..............................................passed
Then I should be able to see the business tools page........................passed
]]>
        </system-out>
    </testcase>
    <testcase classname="AT&amp;T business option on AT&amp;T header" name="Business TV functionality under business" time="14.082">
        <system-out>
            <![CDATA[Given I am on AT&T homepage.................................................passed
And I click on Business.....................................................passed
When I click on business TV.................................................passed
And I click on Offices......................................................passed
Then I should be able to see get free quote page............................passed
]]>
        </system-out>
    </testcase>
    <testcase classname="AT&amp;T business option on AT&amp;T header" name="Enterprise business functionality under business" time="11.656">
        <system-out>
            <![CDATA[Given I am on AT&T homepage.................................................passed
And I click on Business.....................................................passed
When I click on enterprise business.........................................passed
And I click on Mobility.....................................................passed
Then I should see unlimited your way page...................................passed
]]>
        </system-out>
    </testcase>
    <testcase classname="AT&amp;T business option on AT&amp;T header" name="Internet &amp; networking  functionality under enterprise business" time="13.271">
        <system-out>
            <![CDATA[Given I am on AT&T homepage.................................................passed
And I click on Business.....................................................passed
And I click on enterprise business..........................................passed
When I click on internet & networking.......................................passed
And I click on complete your purchase.......................................passed
Then I should see the business address form.................................passed
]]>
        </system-out>
    </testcase>
    <testcase classname="AT&amp;T business option on AT&amp;T header" name="Voice and collaboration  functionality under enterprise business" time="13.996">
        <system-out>
            <![CDATA[Given I am on AT&T homepage.................................................passed
And I click on Business.....................................................passed
And I click on enterprise business..........................................passed
When I click on voice and collaboration.....................................passed
Then I should see voice and collaboration page..............................passed
]]>
        </system-out>
    </testcase>
    <testcase classname="AT&amp;T business option on AT&amp;T header" name="Cyber security  functionality under enterprise business" time="15.225">
        <system-out>
            <![CDATA[Given I am on AT&T homepage.................................................passed
And I click on Business.....................................................passed
And I click on enterprise business..........................................passed
When I click on cyber security..............................................passed
Then I should see cyber security page.......................................passed
]]>
        </system-out>
    </testcase>
    <testcase classname="AT&amp;T business option on AT&amp;T header" name="Content and Entertainment  functionality under enterprise business" time="14.171">
        <system-out>
            <![CDATA[Given I am on AT&T homepage.................................................passed
And I click on Business.....................................................passed
And I click on enterprise business..........................................passed
When I click on Content and Entertainment...................................passed
Then I should see Content and Entertainment  page...........................passed
]]>
        </system-out>
    </testcase>
    <testcase classname="AT&amp;T business option on AT&amp;T header" name="Digital capabilities  functionality under enterprise business" time="15.589">
        <system-out>
            <![CDATA[Given I am on AT&T homepage.................................................passed
And I click on Business.....................................................passed
And I click on enterprise business..........................................passed
When I click on Digital capabilities........................................passed
Then I should see Digital capabilities page.................................passed
]]>
        </system-out>
    </testcase>
    <testcase classname="AT&amp;T business option on AT&amp;T header" name="Prepaid functionality on AT&amp;T header" time="13.827">
        <system-out>
            <![CDATA[Given I am on AT&T homepage.................................................passed
And I click on  prepaid.....................................................passed
And I click on prepaid plans................................................passed
When I click on  shop now arrow.............................................passed
Then I should see all the prepaid deals.....................................passed
]]>
        </system-out>
    </testcase>
    <testcase classname="AT&amp;T business option on AT&amp;T header" name="TV functionality in AT&amp;T header" time="16.175">
        <system-out>
            <![CDATA[Given I am on AT&T homepage.................................................passed
And I click on  TV..........................................................passed
And I click on Channel Lineup...............................................passed
When I enter the channel names on the channel search bar....................passed
Then I should be able to see all the channel deals and shop now option......passed
]]>
        </system-out>
    </testcase>
    <testcase classname="AT&amp;T Deals on AT&amp;T header" name="Deals in AT&amp;T header" time="8.523">
        <system-out>
            <![CDATA[Given I am on AT&T homepage.................................................passed
And I click on deals........................................................passed
When I click on wireless....................................................passed
Then I should be able to see all the wireless items.........................passed
]]>
        </system-out>
    </testcase>
    <testcase classname="AT&amp;T Deals on AT&amp;T header" name="Wireless under Deals in AT&amp;T header" time="11.165">
        <system-out>
            <![CDATA[Given I am on AT&T homepage.................................................passed
And I click on deals........................................................passed
When I click on wireless....................................................passed
And I click on explore wireless.............................................passed
Then I should be able to see all the Explore wireless items.................passed
]]>
        </system-out>
    </testcase>
    <testcase classname="AT&amp;T Deals on AT&amp;T header" name="Low cost phones under phones &amp; devices deal" time="12.178">
        <system-out>
            <![CDATA[Given I am on AT&T homepage.................................................passed
And I click on deals........................................................passed
And I click on wireless.....................................................passed
When I click on phones & devices............................................passed
And I click on Low cost phone...............................................passed
Then I should be able to see all the low cost phones........................passed
]]>
        </system-out>
    </testcase>
    <testcase classname="AT&amp;T Deals on AT&amp;T header" name="compare devices under low cost phone and devices deals" time="17.713">
        <system-out>
            <![CDATA[Given I am on AT&T homepage.................................................passed
And I click on deals........................................................passed
And I click on wireless.....................................................passed
And I click on phones & devices.............................................passed
When I click on Low cost phone..............................................passed
Then I should be able to compare devices....................................passed
]]>
        </system-out>
    </testcase>
    <testcase classname="AT&amp;T Deals on AT&amp;T header" name="Apple phones under phones &amp; devices deal" time="15.774">
        <system-out>
            <![CDATA[Given I am on AT&T homepage.................................................passed
And I click on deals........................................................passed
And I click on wireless.....................................................passed
When I click on phones & devices............................................passed
And I click on Apple........................................................passed
Then I should be able to see all the Apple phones...........................passed
]]>
        </system-out>
    </testcase>
    <testcase classname="AT&amp;T Deals on AT&amp;T header" name="Samsung phones under phones &amp; devices deals" time="13.233">
        <system-out>
            <![CDATA[Given I am on AT&T homepage.................................................passed
And I click on deals........................................................passed
And I click on wireless.....................................................passed
When I click on phones & devices............................................passed
And I click on Samsung......................................................passed
Then I should be able to see all the Samsung phones.........................passed
]]>
        </system-out>
    </testcase>
    <testcase classname="AT&amp;T Deals on AT&amp;T header" name="Store pickup under phones &amp; devices deals" time="13.214">
        <system-out>
            <![CDATA[Given I am on AT&T homepage.................................................passed
And I click on deals........................................................passed
And I click on wireless.....................................................passed
And I click on phones & devices.............................................passed
When I  click on store pick-up..............................................passed
Then I should be able to see all the available store pick=up items..........passed
]]>
        </system-out>
    </testcase>
    <testcase classname="AT&amp;T Deals on AT&amp;T header" name="Phones &amp; devices and under deals" time="12.922">
        <system-out>
            <![CDATA[Given I am on AT&T homepage.................................................passed
And I click on deals........................................................passed
And I click on wireless.....................................................passed
When I click on phones & devices............................................passed
Then I should see all the phones and device deals...........................passed
]]>
        </system-out>
    </testcase>
    <testcase classname="AT&amp;T Deals on AT&amp;T header" name="Tablet and PC under phones &amp; devices deals" time="15.39">
        <system-out>
            <![CDATA[Given I am on AT&T homepage.................................................passed
And I click on deals........................................................passed
And I click on wireless.....................................................passed
When I click on phones & devices............................................passed
And I click on Tablet and PC................................................passed
Then I should be able to see all the Tablets and pcs........................passed
]]>
        </system-out>
    </testcase>
    <testcase classname="AT&amp;T Deals on AT&amp;T header" name="AT&amp;T &amp; prepaid under Phones &amp; devices deals" time="12.529">
        <system-out>
            <![CDATA[Given I am on AT&T homepage.................................................passed
And I click on deals........................................................passed
And I click on wireless.....................................................passed
When I click on phones & devices............................................passed
And I click on AT&T & prepaid...............................................passed
Then I should see all the AT&T & prepaid deals..............................passed
]]>
        </system-out>
    </testcase>
    <testcase classname="AT&amp;T Deals on AT&amp;T header" name="Internet &amp; TV and under deals" time="27.711">
        <failure message="no such element: Unable to locate element: {&quot;method&quot;:&quot;xpath&quot;,&quot;selector&quot;:&quot;//a[contains(text(),'Internet &amp; TV')]&quot;}&#10;  (Session info: chrome=89.0.4389.114)&#10;For documentation on this error, please visit: https://www.seleniumhq.org/exceptions/no_such_element.html&#10;Build info: version: '3.141.59', revision: 'e82be7d358', time: '2018-11-14T08:17:03'&#10;System info: host: 'DESKTOP-BQP1HFR', ip: '192.168.190.1', os.name: 'Windows 10', os.arch: 'amd64', os.version: '10.0', java.version: '11.0.9'&#10;Driver info: org.openqa.selenium.chrome.ChromeDriver&#10;Capabilities {acceptInsecureCerts: false, browserName: chrome, browserVersion: 89.0.4389.114, chrome: {chromedriverVersion: 89.0.4389.23 (61b08ee2c5002..., userDataDir: C:\Users\farha\AppData\Loca...}, goog:chromeOptions: {debuggerAddress: localhost:58053}, javascriptEnabled: true, networkConnectionEnabled: false, pageLoadStrategy: normal, platform: WINDOWS, platformName: WINDOWS, proxy: Proxy(), setWindowRect: true, strictFileInteractability: false, timeouts: {implicit: 0, pageLoad: 300000, script: 30000}, unhandledPromptBehavior: dismiss and notify, webauthn:extension:largeBlob: true, webauthn:virtualAuthenticators: true}&#10;Session ID: c047f022c73975f2f62ec05ac8ff40c3&#10;*** Element info: {Using=xpath, value=//a[contains(text(),'Internet &amp; TV')]}" type="org.openqa.selenium.NoSuchElementException">
            <![CDATA[Given I am on AT&T homepage.................................................passed
And I click on deals........................................................passed
When I click on Internet & TV...............................................failed
Then I should see all theInternet & TV deals................................skipped

StackTrace:
org.openqa.selenium.NoSuchElementException: no such element: Unable to locate element: {"method":"xpath","selector":"//a[contains(text(),'Internet & TV')]"}
  (Session info: chrome=89.0.4389.114)
For documentation on this error, please visit: https://www.seleniumhq.org/exceptions/no_such_element.html
Build info: version: '3.141.59', revision: 'e82be7d358', time: '2018-11-14T08:17:03'
System info: host: 'DESKTOP-BQP1HFR', ip: '192.168.190.1', os.name: 'Windows 10', os.arch: 'amd64', os.version: '10.0', java.version: '11.0.9'
Driver info: org.openqa.selenium.chrome.ChromeDriver
Capabilities {acceptInsecureCerts: false, browserName: chrome, browserVersion: 89.0.4389.114, chrome: {chromedriverVersion: 89.0.4389.23 (61b08ee2c5002..., userDataDir: C:\Users\farha\AppData\Loca...}, goog:chromeOptions: {debuggerAddress: localhost:58053}, javascriptEnabled: true, networkConnectionEnabled: false, pageLoadStrategy: normal, platform: WINDOWS, platformName: WINDOWS, proxy: Proxy(), setWindowRect: true, strictFileInteractability: false, timeouts: {implicit: 0, pageLoad: 300000, script: 30000}, unhandledPromptBehavior: dismiss and notify, webauthn:extension:largeBlob: true, webauthn:virtualAuthenticators: true}
Session ID: c047f022c73975f2f62ec05ac8ff40c3
*** Element info: {Using=xpath, value=//a[contains(text(),'Internet & TV')]}
	at java.base/jdk.internal.reflect.NativeConstructorAccessorImpl.newInstance0(Native Method)
	at java.base/jdk.internal.reflect.NativeConstructorAccessorImpl.newInstance(NativeConstructorAccessorImpl.java:62)
	at java.base/jdk.internal.reflect.DelegatingConstructorAccessorImpl.newInstance(DelegatingConstructorAccessorImpl.java:45)
	at java.base/java.lang.reflect.Constructor.newInstance(Constructor.java:490)
	at org.openqa.selenium.remote.http.W3CHttpResponseCodec.createException(W3CHttpResponseCodec.java:187)
	at org.openqa.selenium.remote.http.W3CHttpResponseCodec.decode(W3CHttpResponseCodec.java:122)
	at org.openqa.selenium.remote.http.W3CHttpResponseCodec.decode(W3CHttpResponseCodec.java:49)
	at org.openqa.selenium.remote.HttpCommandExecutor.execute(HttpCommandExecutor.java:158)
	at org.openqa.selenium.remote.service.DriverCommandExecutor.execute(DriverCommandExecutor.java:83)
	at org.openqa.selenium.remote.RemoteWebDriver.execute(RemoteWebDriver.java:552)
	at org.openqa.selenium.remote.RemoteWebDriver.findElement(RemoteWebDriver.java:323)
	at org.openqa.selenium.remote.RemoteWebDriver.findElementByXPath(RemoteWebDriver.java:428)
	at org.openqa.selenium.By$ByXPath.findElement(By.java:353)
	at org.openqa.selenium.remote.RemoteWebDriver.findElement(RemoteWebDriver.java:315)
	at common.WebAPI.clickByXpath1(WebAPI.java:624)
	at atthomepage.ATTHomepage.checkInternetAndTV(ATTHomepage.java:154)
	at stepDefinitions.AttHomePageStepDefinitions.i_click_on_internet_tv(AttHomePageStepDefinitions.java:179)
	at ✽.I click on Internet & TV(file:///C:/Users/farha/IdeaProjects/BDD_Automation_Framework_Team1/ATT/src/test/java/features/Deals.feature:75)
]]>
        </failure>
    </testcase>
    <testcase classname="AT&amp;T Deals on AT&amp;T header" name="Accessories  under deals" time="46.674">
        <failure message="no such element: Unable to locate element: {&quot;method&quot;:&quot;partial link text&quot;,&quot;selector&quot;:&quot;Accessories&quot;}&#10;  (Session info: chrome=89.0.4389.114)&#10;For documentation on this error, please visit: https://www.seleniumhq.org/exceptions/no_such_element.html&#10;Build info: version: '3.141.59', revision: 'e82be7d358', time: '2018-11-14T08:17:03'&#10;System info: host: 'DESKTOP-BQP1HFR', ip: '192.168.190.1', os.name: 'Windows 10', os.arch: 'amd64', os.version: '10.0', java.version: '11.0.9'&#10;Driver info: org.openqa.selenium.chrome.ChromeDriver&#10;Capabilities {acceptInsecureCerts: false, browserName: chrome, browserVersion: 89.0.4389.114, chrome: {chromedriverVersion: 89.0.4389.23 (61b08ee2c5002..., userDataDir: C:\Users\farha\AppData\Loca...}, goog:chromeOptions: {debuggerAddress: localhost:58145}, javascriptEnabled: true, networkConnectionEnabled: false, pageLoadStrategy: normal, platform: WINDOWS, platformName: WINDOWS, proxy: Proxy(), setWindowRect: true, strictFileInteractability: false, timeouts: {implicit: 0, pageLoad: 300000, script: 30000}, unhandledPromptBehavior: dismiss and notify, webauthn:extension:largeBlob: true, webauthn:virtualAuthenticators: true}&#10;Session ID: 88bac814e9a45ba50c8324d92dc16c0d&#10;*** Element info: {Using=partial link text, value=Accessories}" type="org.openqa.selenium.NoSuchElementException">
            <![CDATA[Given I am on AT&T homepage.................................................passed
And I click on deals........................................................passed
When I click on Accessories.................................................failed
Then I should see all the accessories deals.................................skipped

StackTrace:
org.openqa.selenium.NoSuchElementException: no such element: Unable to locate element: {"method":"partial link text","selector":"Accessories"}
  (Session info: chrome=89.0.4389.114)
For documentation on this error, please visit: https://www.seleniumhq.org/exceptions/no_such_element.html
Build info: version: '3.141.59', revision: 'e82be7d358', time: '2018-11-14T08:17:03'
System info: host: 'DESKTOP-BQP1HFR', ip: '192.168.190.1', os.name: 'Windows 10', os.arch: 'amd64', os.version: '10.0', java.version: '11.0.9'
Driver info: org.openqa.selenium.chrome.ChromeDriver
Capabilities {acceptInsecureCerts: false, browserName: chrome, browserVersion: 89.0.4389.114, chrome: {chromedriverVersion: 89.0.4389.23 (61b08ee2c5002..., userDataDir: C:\Users\farha\AppData\Loca...}, goog:chromeOptions: {debuggerAddress: localhost:58145}, javascriptEnabled: true, networkConnectionEnabled: false, pageLoadStrategy: normal, platform: WINDOWS, platformName: WINDOWS, proxy: Proxy(), setWindowRect: true, strictFileInteractability: false, timeouts: {implicit: 0, pageLoad: 300000, script: 30000}, unhandledPromptBehavior: dismiss and notify, webauthn:extension:largeBlob: true, webauthn:virtualAuthenticators: true}
Session ID: 88bac814e9a45ba50c8324d92dc16c0d
*** Element info: {Using=partial link text, value=Accessories}
	at java.base/jdk.internal.reflect.NativeConstructorAccessorImpl.newInstance0(Native Method)
	at java.base/jdk.internal.reflect.NativeConstructorAccessorImpl.newInstance(NativeConstructorAccessorImpl.java:62)
	at java.base/jdk.internal.reflect.DelegatingConstructorAccessorImpl.newInstance(DelegatingConstructorAccessorImpl.java:45)
	at java.base/java.lang.reflect.Constructor.newInstance(Constructor.java:490)
	at org.openqa.selenium.remote.http.W3CHttpResponseCodec.createException(W3CHttpResponseCodec.java:187)
	at org.openqa.selenium.remote.http.W3CHttpResponseCodec.decode(W3CHttpResponseCodec.java:122)
	at org.openqa.selenium.remote.http.W3CHttpResponseCodec.decode(W3CHttpResponseCodec.java:49)
	at org.openqa.selenium.remote.HttpCommandExecutor.execute(HttpCommandExecutor.java:158)
	at org.openqa.selenium.remote.service.DriverCommandExecutor.execute(DriverCommandExecutor.java:83)
	at org.openqa.selenium.remote.RemoteWebDriver.execute(RemoteWebDriver.java:552)
	at org.openqa.selenium.remote.RemoteWebDriver.findElement(RemoteWebDriver.java:323)
	at org.openqa.selenium.remote.RemoteWebDriver.findElementByPartialLinkText(RemoteWebDriver.java:388)
	at org.openqa.selenium.By$ByPartialLinkText.findElement(By.java:250)
	at org.openqa.selenium.remote.RemoteWebDriver.findElement(RemoteWebDriver.java:315)
	at common.WebAPI.clickOnLink(WebAPI.java:724)
	at atthomepage.ATTHomepage.checkAccessories(ATTHomepage.java:164)
	at stepDefinitions.AttHomePageStepDefinitions.i_click_on_accessories(AttHomePageStepDefinitions.java:188)
	at ✽.I click on Accessories(file:///C:/Users/farha/IdeaProjects/BDD_Automation_Framework_Team1/ATT/src/test/java/features/Deals.feature:80)
]]>
        </failure>
    </testcase>
    <testcase classname="AT&amp;T search box functionality" name="AT&amp;T search box functionality check with valid products" time="11.381">
        <system-out>
            <![CDATA[Given I am on AT&T homepage.................................................passed
And I enter "iphone 12" in search box.......................................passed
When I click on search button...............................................passed
Then I should see "Results for iphone 12 - AT&T Search" is appearing........passed
And I verify "Results for iphone 12 - AT&T Search" in product title.........passed
]]>
        </system-out>
    </testcase>
    <testcase classname="AT&amp;T search box functionality" name="AT&amp;T search box functionality check with valid products 2" time="11.044">
        <system-out>
            <![CDATA[Given I am on AT&T homepage.................................................passed
And I enter "iphone 11" in search box.......................................passed
When I click on search button...............................................passed
Then I should see "Results for iphone 11 - AT&T Search" is appearing........passed
And I verify "Results for iphone 11 - AT&T Search" in product title.........passed
]]>
        </system-out>
    </testcase>
    <testcase classname="AT&amp;T search box functionality" name="AT&amp;T search box functionality check with valid products 3" time="9.384">
        <system-out>
            <![CDATA[Given I am on AT&T homepage.................................................passed
And I enter "iphone X" in search box........................................passed
When I click on search button...............................................passed
Then I should see "Results for iphone X - AT&T Search" is appearing.........passed
And I verify "Results for iphone X - AT&T Search" in product title..........passed
]]>
        </system-out>
    </testcase>
    <testcase classname="AT&amp;T search box functionality" name="AT&amp;T search box functionality check with valid product" time="0">
        <failure message="Session ID is null. Using WebDriver after calling quit()?&#10;Build info: version: '3.141.59', revision: 'e82be7d358', time: '2018-11-14T08:17:03'&#10;System info: host: 'DESKTOP-BQP1HFR', ip: '192.168.190.1', os.name: 'Windows 10', os.arch: 'amd64', os.version: '10.0', java.version: '11.0.9'&#10;Driver info: driver.version: RemoteWebDriver" type="org.openqa.selenium.NoSuchSessionException">
            <![CDATA[And I enter "iphone 12" in search box.......................................failed
When I click on search button...............................................skipped
Then I should see "iphone 12"" is appearing.................................skipped
And I verify "Results for iphone 12 - AT&T Search" in product title.........skipped

StackTrace:
org.openqa.selenium.NoSuchSessionException: Session ID is null. Using WebDriver after calling quit()?
Build info: version: '3.141.59', revision: 'e82be7d358', time: '2018-11-14T08:17:03'
System info: host: 'DESKTOP-BQP1HFR', ip: '192.168.190.1', os.name: 'Windows 10', os.arch: 'amd64', os.version: '10.0', java.version: '11.0.9'
Driver info: driver.version: RemoteWebDriver
	at org.openqa.selenium.remote.HttpCommandExecutor.execute(HttpCommandExecutor.java:125)
	at org.openqa.selenium.remote.service.DriverCommandExecutor.execute(DriverCommandExecutor.java:83)
	at org.openqa.selenium.remote.RemoteWebDriver.execute(RemoteWebDriver.java:552)
	at org.openqa.selenium.remote.RemoteWebDriver.findElement(RemoteWebDriver.java:323)
	at org.openqa.selenium.remote.RemoteWebDriver.findElementByXPath(RemoteWebDriver.java:428)
	at org.openqa.selenium.By$ByXPath.findElement(By.java:353)
	at org.openqa.selenium.remote.RemoteWebDriver.findElement(RemoteWebDriver.java:315)
	at org.openqa.selenium.support.pagefactory.DefaultElementLocator.findElement(DefaultElementLocator.java:69)
	at org.openqa.selenium.support.pagefactory.internal.LocatingElementHandler.invoke(LocatingElementHandler.java:38)
	at com.sun.proxy.$Proxy25.sendKeys(Unknown Source)
	at atthomepage.ATTHomepage.searchBox(ATTHomepage.java:22)
	at stepDefinitions.AttHomePageStepDefinitions.i_enter_in_search_box(AttHomePageStepDefinitions.java:51)
	at ✽.I enter "iphone 12" in search box.(file:///C:/Users/farha/IdeaProjects/BDD_Automation_Framework_Team1/ATT/src/test/java/features/SearchBox.feature:19)
]]>
        </failure>
    </testcase>
</testsuite>
