<?xml version="1.0" encoding="UTF-8" standalone="no"?>
<testsuite errors="0" failures="0" name="io.cucumber.core.plugin.JUnitFormatter" skipped="0" tests="2" time="14.913">
    <testcase classname="SearchBox Functionality check" name="Amazon searchBox functionality check with valid product" time="7.883">
        <system-out>
            <![CDATA[Given I am on amazon homePage...............................................passed
And I enter "Hand Sanitizer" in searchBox...................................passed
When I click on search Button...............................................passed
Then I should see "Hand Sanitizer" is properly appear.......................passed
But I should not see "mobile" is appear.....................................passed
And I verify "Amazon.com : Hand Sanitizer" in product title.................passed
]]>
        </system-out>
    </testcase>
    <testcase classname="Amazon HomePage Header" name="Amazon searchBox functionality check with valid product" time="6.643">
        <system-out>
            <![CDATA[Given I am on amazon homePage...............................................passed
And I enter "Hand Sanitizer" in searchBox...................................passed
When I click on search Button...............................................passed
Then I should see "Hand Sanitizer" is properly appear.......................passed
But I should not see "mobile" is appear.....................................passed
And I verify "Amazon.com : Hand Sanitizer" in product title.................passed
]]>
        </system-out>
    </testcase>
</testsuite>
